Info: CustomCategory:visao_geral_do_pas: 23 mini seconds publishing element
Info: : 1549 mini-second(s) publishing element DeliveryProcess:pas[pas\deliveryprocesses\pas_740E5F57.html]
Info: DeliveryProcess:pas: 1551 mini seconds publishing element
Info: DeliveryProcess:pas: 18811 mini seconds publishing process specific layout data
Info: : 1277 mini-second(s) publishing element Phase:Concepção[pas\deliveryprocesses\Concepção_757F1E16.html]
Info: Phase:Concepção: 1279 mini seconds publishing element
Info: Activity:Requisitos Concepção: 857 mini seconds publishing element
Info: TaskDescriptor:1_definir_projeto: 54 mini seconds publishing element
Info: TaskDescriptor:2_definir_escopo: 33 mini seconds publishing element
Info: TaskDescriptor:3_definir_funcoes: 39 mini seconds publishing element
Info: TaskDescriptor:4_dividir_em_cdus: 38 mini seconds publishing element
Info: TaskDescriptor:5_classificar_cdus: 35 mini seconds publishing element
Info: TaskDescriptor:6_descrever_cdus: 35 mini seconds publishing element
Info: : 1034 mini-second(s) publishing element Activity:Análise e Projeto Concepção[pas\deliveryprocesses\Análise e Projeto Concepção_D5AF3EEE.html]
Info: Activity:Análise e Projeto Concepção: 1036 mini seconds publishing element
Info: TaskDescriptor:7_analisar_ambiente: 52 mini seconds publishing element
Info: TaskDescriptor:8_analisar_restricoes: 56 mini seconds publishing element
Info: TaskDescriptor:9_analisar_mod_cdu: 54 mini seconds publishing element
Info: TaskDescriptor:10_reunir_equipe: 51 mini seconds publishing element
Info: TaskDescriptor:11_elaborar_doc_arq: 34 mini seconds publishing element
Info: Activity:Implementação e Testes Concepção: 563 mini seconds publishing element
Info: TaskDescriptor:verificar_origem: 35 mini seconds publishing element
Info: TaskDescriptor:12_capturar_telas: 38 mini seconds publishing element
Info: TaskDescriptor:13_confeccionar_prototipo: 57 mini seconds publishing element
Info: : 2824 mini-second(s) publishing element Activity:Gerência de Processo Concepção[pas\deliveryprocesses\Gerência de Processo Concepção_14EC4189.html]
Info: Activity:Gerência de Processo Concepção: 2830 mini seconds publishing element
Info: TaskDescriptor:1_especificar_so: 34 mini seconds publishing element
Info: TaskDescriptor:2_especificar_ferramentas: 37 mini seconds publishing element
Info: TaskDescriptor:3_especif_fer_ger: 33 mini seconds publishing element
Info: TaskDescriptor:4_especif_fer_colab: 37 mini seconds publishing element
Info: TaskDescriptor:5_inst_ferramentas: 33 mini seconds publishing element
Info: TaskDescriptor:6_escrever_doc_amb: 35 mini seconds publishing element
Info: TaskDescriptor:7_plan_reunioes_cliente: 31 mini seconds publishing element
Info: TaskDescriptor:8_executar_reunioes: 45 mini seconds publishing element
Info: TaskDescriptor:9_registrar_em_ata: 39 mini seconds publishing element
Info: TaskDescriptor:10_executar_requisitos: 40 mini seconds publishing element
Info: TaskDescriptor:11_apresentar_artefatos: 40 mini seconds publishing element
Info: TaskDescriptor:12_desenvolver_doc_fdbck: 39 mini seconds publishing element
Info: TaskDescriptor:13_exec_req_doc_visao: 68 mini seconds publishing element
Info: TaskDescriptor:14_desenvolver_plan_des_soft: 52 mini seconds publishing element
Info: TaskDescriptor:15_desenvolver_plan_iteracao: 64 mini seconds publishing element
Info: Phase:Elaboração: 905 mini seconds publishing element
Info: : 1181 mini-second(s) publishing element Activity:Requisitos Elaboração[pas\deliveryprocesses\Requisitos Elaboração_906D359E.html]
Info: Activity:Requisitos Elaboração: 1184 mini seconds publishing element
Info: TaskDescriptor:0_escolher_cdus: 37 mini seconds publishing element
Info: TaskDescriptor:1_det_cdu_escolhido: 35 mini seconds publishing element
Info: TaskDescriptor:2_consultar_cliente: 40 mini seconds publishing element
Info: TaskDescriptor:3_identificar_mudancas_requisitos: 34 mini seconds publishing element
Info: TaskDescriptor:4_atualizar_diagrama_cdus: 36 mini seconds publishing element
Info: TaskDescriptor:5_atualizar_doc_visao: 36 mini seconds publishing element
Info: TaskDescriptor:6_realizar_analise_e_projeto: 39 mini seconds publishing element
Info: : 3321 mini-second(s) publishing element Activity:Análise e Projeto Elaboração[pas\deliveryprocesses\Análise e Projeto Elaboração_45AAA1BA.html]
Info: Activity:Análise e Projeto Elaboração: 3322 mini seconds publishing element
Info: TaskDescriptor:007_revisar_doc: 37 mini seconds publishing element
Info: TaskDescriptor:007a_identificar_cdu: 43 mini seconds publishing element
Info: TaskDescriptor:007b_retornar_req: 32 mini seconds publishing element
Info: TaskDescriptor:7_det_cdus: 32 mini seconds publishing element
Info: TaskDescriptor:8_identificar_conceitos: 35 mini seconds publishing element
Info: TaskDescriptor:9_identificar_operacoes: 36 mini seconds publishing element
Info: TaskDescriptor:10_elaborar_diagrama_de_interacao: 36 mini seconds publishing element
Info: TaskDescriptor:11_elaborar_diagrama_classes: 36 mini seconds publishing element
Info: TaskDescriptor:12_implementar_cdu: 36 mini seconds publishing element
Info: TaskDescriptor:14_ajustar_arq: 57 mini seconds publishing element
Info: TaskDescriptor:13_redefinir_arq: 59 mini seconds publishing element
Info: TaskDescriptor:15_alterar_doc_arq: 57 mini seconds publishing element
Info: : 1974 mini-second(s) publishing element Activity:Implementação e Testes Elaboração[pas\deliveryprocesses\Implementação e Testes Elaboração_5824897C.html]
Info: Activity:Implementação e Testes Elaboração: 1976 mini seconds publishing element
Info: TaskDescriptor:16_estudar_analise_e_projeto: 35 mini seconds publishing element
Info: TaskDescriptor:17_construir_teste_funcional: 39 mini seconds publishing element
Info: TaskDescriptor:18_exec_teste_funcional: 35 mini seconds publishing element
Info: TaskDescriptor:19_construir_teste_unitario: 36 mini seconds publishing element
Info: TaskDescriptor:20_implementar_classes: 36 mini seconds publishing element
Info: TaskDescriptor:21_executar_teste_unitario: 39 mini seconds publishing element
Info: TaskDescriptor:22_validar_alternativas_tecnologicas: 36 mini seconds publishing element
Info: : 1847 mini-second(s) publishing element Activity:Gerência de Processo Elaboração[pas\deliveryprocesses\Gerência de Processo Elaboração_8BE78703.html]
Info: Activity:Gerência de Processo Elaboração: 1848 mini seconds publishing element
Info: TaskDescriptor:16_especificar_ferram_controle_de_mudanca: 48 mini seconds publishing element
Info: TaskDescriptor:17_especificar_ferramentas_desenv: 54 mini seconds publishing element
Info: TaskDescriptor:18_instalar_soft_bib: 53 mini seconds publishing element
Info: TaskDescriptor:6_escrever_doc_amb: 54 mini seconds publishing element
Info: TaskDescriptor:8_executar_reunioes: 44 mini seconds publishing element
Info: TaskDescriptor:9_registrar_em_ata: 39 mini seconds publishing element
Info: TaskDescriptor:10_executar_requisitos: 39 mini seconds publishing element
Info: TaskDescriptor:19_apresentar_implementacao: 36 mini seconds publishing element
Info: TaskDescriptor:12_desenvolver_doc_fdbck: 37 mini seconds publishing element
Info: TaskDescriptor:20_revisar_plan_des_soft: 36 mini seconds publishing element
Info: TaskDescriptor:15_desenvolver_plan_iteracao: 36 mini seconds publishing element
Info: TaskDescriptor:7_plan_reunioes_cliente: 34 mini seconds publishing element
Info: Phase:Construção: 726 mini seconds publishing element
Info: : 1100 mini-second(s) publishing element Activity:Requisitos Construção[pas\deliveryprocesses\Requisitos Construção_6E4A9088.html]
Info: Activity:Requisitos Construção: 1103 mini seconds publishing element
Info: TaskDescriptor:1a_detalhar_cdu: 42 mini seconds publishing element
Info: TaskDescriptor:2_consultar_cliente: 42 mini seconds publishing element
Info: TaskDescriptor:3_identificar_mudancas_requisitos: 38 mini seconds publishing element
Info: TaskDescriptor:4_atualizar_diagrama_cdus: 35 mini seconds publishing element
Info: TaskDescriptor:5_atualizar_doc_visao: 59 mini seconds publishing element
Info: TaskDescriptor:6_realizar_analise_e_projeto: 57 mini seconds publishing element
Info: : 1680 mini-second(s) publishing element Activity:Análise e Projeto Construção[pas\deliveryprocesses\Análise e Projeto Construção_4CB298C2.html]
Info: Activity:Análise e Projeto Construção: 1684 mini seconds publishing element
Info: TaskDescriptor:6a_ler_cdus: 34 mini seconds publishing element
Info: TaskDescriptor:8_identificar_conceitos: 37 mini seconds publishing element
Info: TaskDescriptor:9_identificar_operacoes: 33 mini seconds publishing element
Info: TaskDescriptor:9a_identificar_componentes: 34 mini seconds publishing element
Info: TaskDescriptor:12a_executar_implementacao: 37 mini seconds publishing element
Info: TaskDescriptor:10_elaborar_diagrama_de_interacao: 43 mini seconds publishing element
Info: TaskDescriptor:atualizar_diagrama_classes: 36 mini seconds publishing element
Info: : 1358 mini-second(s) publishing element Activity:Implementação e Testes Construção[pas\deliveryprocesses\Implementação e Testes Construção_460953E6.html]
Info: Activity:Implementação e Testes Construção: 1360 mini seconds publishing element
Info: TaskDescriptor:16a_planejar_integracao: 36 mini seconds publishing element
Info: TaskDescriptor:16b_dividir_componentes: 39 mini seconds publishing element
Info: TaskDescriptor:19_construir_teste_unitario: 35 mini seconds publishing element
Info: TaskDescriptor:20a_implementar_componente: 48 mini seconds publishing element
Info: TaskDescriptor:21_executar_teste_unitario: 52 mini seconds publishing element
Info: TaskDescriptor:21a_integrar_sistema: 54 mini seconds publishing element
Info: TaskDescriptor:21b_realizar_teste_de_integracao: 52 mini seconds publishing element
Info: : 1115 mini-second(s) publishing element Activity:Gerência de Processo Construção[pas\deliveryprocesses\Gerência de Processo Construção_29183F0D.html]
Info: Activity:Gerência de Processo Construção: 1118 mini seconds publishing element
Info: TaskDescriptor:21_identificar_incompatibilidades: 32 mini seconds publishing element
Info: TaskDescriptor:22_tratar_incompatibilidades: 34 mini seconds publishing element
Info: TaskDescriptor:6_escrever_doc_amb: 33 mini seconds publishing element
Info: TaskDescriptor:23_executar_reunioes_cliente: 39 mini seconds publishing element
Info: TaskDescriptor:9_registrar_em_ata: 51 mini seconds publishing element
Info: TaskDescriptor:12_desenvolver_doc_fdbck: 34 mini seconds publishing element
Info: TaskDescriptor:20_revisar_plan_des_soft: 36 mini seconds publishing element
Info: TaskDescriptor:15_desenvolver_plan_iteracao: 50 mini seconds publishing element
Info: TaskDescriptor:7_plan_reunioes_cliente: 43 mini seconds publishing element
Info: Phase:Validação: 774 mini seconds publishing element
Info: Activity:Requisitos Validação: 953 mini seconds publishing element
Info: TaskDescriptor:1_verificar_acrescimo_novos_cdus: 40 mini seconds publishing element
Info: TaskDescriptor:2_req_construcao: 36 mini seconds publishing element
Info: : 1070 mini-second(s) publishing element Activity:Análise e Projeto Validação[pas\deliveryprocesses\Análise e Projeto Validação_1E5A6C4.html]
Info: Activity:Análise e Projeto Validação: 1072 mini seconds publishing element
Info: TaskDescriptor:1_verificar_acrescimo_novos_cdus: 34 mini seconds publishing element
Info: TaskDescriptor:3_voltar_analise_construcao: 35 mini seconds publishing element
Info: : 2172 mini-second(s) publishing element Activity:Implementação e Testes Validação[pas\deliveryprocesses\Implementação e Testes Validação_62693C6F.html]
Info: Activity:Implementação e Testes Validação: 2174 mini seconds publishing element
Info: TaskDescriptor:4_planejar_testes_alfa: 36 mini seconds publishing element
Info: TaskDescriptor:5_executar_testes_alfa: 53 mini seconds publishing element
Info: TaskDescriptor:6_verificar_necessidade_de_remodelagem: 53 mini seconds publishing element
Info: TaskDescriptor:7_implementar_correcoes: 53 mini seconds publishing element
Info: TaskDescriptor:8_iniciar_alteracoes_de_modelagem: 62 mini seconds publishing element
Info: TaskDescriptor:9_executar_build: 54 mini seconds publishing element
Info: TaskDescriptor:10_executar_implantacao: 58 mini seconds publishing element
Info: TaskDescriptor:11_acordar_testes_beta: 35 mini seconds publishing element
Info: TaskDescriptor:12_executar_teste_beta: 36 mini seconds publishing element
Info: TaskDescriptor:13_gerar_relatorio_de_teste_beta: 36 mini seconds publishing element
Info: : 1803 mini-second(s) publishing element Activity:Gerência de Processo Validação[pas\deliveryprocesses\Gerência de Processo Validação_CDF4368B.html]
Info: Activity:Gerência de Processo Validação: 1804 mini seconds publishing element
Info: TaskDescriptor:24_identificar_ambiente: 33 mini seconds publishing element
Info: TaskDescriptor:25_instalar_softwares: 32 mini seconds publishing element
Info: TaskDescriptor:26_implantar_sistema: 42 mini seconds publishing element
Info: TaskDescriptor:27_apresentar_sistema: 48 mini seconds publishing element
Info: TaskDescriptor:9_registrar_em_ata: 34 mini seconds publishing element
Info: TaskDescriptor:28_nova_iteracao_ajustes: 36 mini seconds publishing element
Info: TaskDescriptor:20_revisar_plan_des_soft: 34 mini seconds publishing element
Info: TaskDescriptor:15_desenvolver_plan_iteracao: 59 mini seconds publishing element
Info: TaskDescriptor:29_comemoracao_fim: 55 mini seconds publishing element
Info: TaskDescriptor:7_plan_reunioes_cliente: 49 mini seconds publishing element
Info: CustomCategory:atividades do processo: 35 mini seconds publishing element
Info: DisciplineGrouping:disciplinas_concepcao: 51 mini seconds publishing element
Info: Discipline:requisitos: 43 mini seconds publishing element
Info: Task:5_classificar_cdus: 952 mini seconds publishing element
Info: Task:1_definir_projeto: 32 mini seconds publishing element
Info: Task:3_definir_funcoes: 35 mini seconds publishing element
Info: Task:2_definir_escopo: 32 mini seconds publishing element
Info: Task:6_descrever_cdus: 32 mini seconds publishing element
Info: Task:4_dividir_em_cdus: 37 mini seconds publishing element
Info: Discipline:analise_e_projeto: 25 mini seconds publishing element
Info: Task:7_analisar_ambiente: 36 mini seconds publishing element
Info: Task:9_analisar_mod_cdu: 32 mini seconds publishing element
Info: Task:8_analisar_restricoes: 36 mini seconds publishing element
Info: Task:11_elaborar_doc_arq: 33 mini seconds publishing element
Info: Task:10_reunir_equipe: 32 mini seconds publishing element
Info: Discipline:impl_testes: 26 mini seconds publishing element
Info: Task:12_capturar_telas: 33 mini seconds publishing element
Info: Task:13_confeccionar_prototipo: 30 mini seconds publishing element
Info: Task:verificar_origem: 30 mini seconds publishing element
Info: Discipline:gerencia: 32 mini seconds publishing element
Info: Task:11_apresentar_artefatos: 36 mini seconds publishing element
Info: Task:12_desenvolver_doc_fdbck: 57 mini seconds publishing element
Info: Task:14_desenvolver_plan_des_soft: 34 mini seconds publishing element
Info: Task:15_desenvolver_plan_iteracao: 66 mini seconds publishing element
Info: Task:6_escrever_doc_amb: 70 mini seconds publishing element
Info: Task:4_especif_fer_colab: 33 mini seconds publishing element
Info: Task:3_especif_fer_ger: 30 mini seconds publishing element
Info: Task:2_especificar_ferramentas: 33 mini seconds publishing element
Info: Task:1_especificar_so: 35 mini seconds publishing element
Info: Task:10_executar_requisitos: 42 mini seconds publishing element
Info: Task:13_exec_req_doc_visao: 34 mini seconds publishing element
Info: Task:8_executar_reunioes: 44 mini seconds publishing element
Info: Task:5_inst_ferramentas: 30 mini seconds publishing element
Info: Task:7_plan_reunioes_cliente: 58 mini seconds publishing element
Info: Task:9_registrar_em_ata: 61 mini seconds publishing element
Info: DisciplineGrouping:disciplinas_elaboracao: 27 mini seconds publishing element
Info: Discipline:requisitos_elaboracao: 28 mini seconds publishing element
Info: Task:4_atualizar_diagrama_cdus: 57 mini seconds publishing element
Info: Task:5_atualizar_doc_visao: 59 mini seconds publishing element
Info: Task:2_consultar_cliente: 75 mini seconds publishing element
Info: Task:0_escolher_cdus: 48 mini seconds publishing element
Info: Task:3_identificar_mudancas_requisitos: 66 mini seconds publishing element
Info: Task:1_det_cdu_escolhido: 40 mini seconds publishing element
Info: Task:6_realizar_analise_e_projeto: 40 mini seconds publishing element
Info: Discipline:analise_elaboração: 36 mini seconds publishing element
Info: Task:14_ajustar_arq: 34 mini seconds publishing element
Info: Task:15_alterar_doc_arq: 36 mini seconds publishing element
Info: Task:7_det_cdus: 40 mini seconds publishing element
Info: Task:11_elaborar_diagrama_classes: 53 mini seconds publishing element
Info: Task:10_elaborar_diagrama_de_interacao: 63 mini seconds publishing element
Info: Task:8_identificar_conceitos: 61 mini seconds publishing element
Info: Task:9_identificar_operacoes: 40 mini seconds publishing element
Info: Task:007a_identificar_cdu: 34 mini seconds publishing element
Info: Task:12_implementar_cdu: 37 mini seconds publishing element
Info: Task:13_redefinir_arq: 34 mini seconds publishing element
Info: Task:007b_retornar_req: 33 mini seconds publishing element
Info: Task:007_revisar_doc: 40 mini seconds publishing element
Info: Discipline:impl_elaboracao: 26 mini seconds publishing element
Info: Task:17_construir_teste_funcional: 33 mini seconds publishing element
Info: Task:19_construir_teste_unitario: 60 mini seconds publishing element
Info: Task:21_executar_teste_unitario: 67 mini seconds publishing element
Info: Task:16_estudar_analise_e_projeto: 54 mini seconds publishing element
Info: Task:18_exec_teste_funcional: 42 mini seconds publishing element
Info: Task:20_implementar_classes: 36 mini seconds publishing element
Info: Task:22_validar_alternativas_tecnologicas: 36 mini seconds publishing element
Info: Discipline:gerencia_elaboracao: 28 mini seconds publishing element
Info: Task:19_apresentar_implementacao: 32 mini seconds publishing element
Info: Task:16_especificar_ferram_controle_de_mudanca: 30 mini seconds publishing element
Info: Task:17_especificar_ferramentas_desenv: 35 mini seconds publishing element
Info: Task:18_instalar_soft_bib: 30 mini seconds publishing element
Info: Task:20_revisar_plan_des_soft: 52 mini seconds publishing element
Info: DisciplineGrouping:disciplinas_construcao: 27 mini seconds publishing element
Info: Discipline:requisitos_construcao: 25 mini seconds publishing element
Info: Task:1a_detalhar_cdu: 32 mini seconds publishing element
Info: Discipline:analise_construcao: 29 mini seconds publishing element
Info: Task:atualizar_diagrama_classes: 33 mini seconds publishing element
Info: Task:12a_executar_implementacao: 32 mini seconds publishing element
Info: Task:9a_identificar_componentes: 42 mini seconds publishing element
Info: Task:6a_ler_cdus: 46 mini seconds publishing element
Info: Discipline:impl_construcao: 39 mini seconds publishing element
Info: Task:16b_dividir_componentes: 68 mini seconds publishing element
Info: Task:20a_implementar_componente: 39 mini seconds publishing element
Info: Task:21a_integrar_sistema: 31 mini seconds publishing element
Info: Task:16a_planejar_integracao: 47 mini seconds publishing element
Info: Task:21b_realizar_teste_de_integracao: 36 mini seconds publishing element
Info: Discipline:gerencia_construcao: 28 mini seconds publishing element
Info: Task:23_executar_reunioes_cliente: 33 mini seconds publishing element
Info: Task:21_identificar_incompatibilidades: 35 mini seconds publishing element
Info: Task:22_tratar_incompatibilidades: 30 mini seconds publishing element
Info: DisciplineGrouping:disciplinas_validacao: 27 mini seconds publishing element
Info: Discipline:requisitos_validacao: 25 mini seconds publishing element
Info: Task:2_req_construcao: 89 mini seconds publishing element
Info: Task:1_verificar_acrescimo_novos_cdus: 46 mini seconds publishing element
Info: Discipline:analise_validacao: 28 mini seconds publishing element
Info: Task:3_voltar_analise_construcao: 36 mini seconds publishing element
Info: Discipline:impl_validacao: 29 mini seconds publishing element
Info: Task:11_acordar_testes_beta: 93 mini seconds publishing element
Info: Task:9_executar_build: 32 mini seconds publishing element
Info: Task:10_executar_implantacao: 35 mini seconds publishing element
Info: Task:12_executar_teste_beta: 52 mini seconds publishing element
Info: Task:5_executar_testes_alfa: 48 mini seconds publishing element
Info: Task:13_gerar_relatorio_de_teste_beta: 51 mini seconds publishing element
Info: Task:7_implementar_correcoes: 48 mini seconds publishing element
Info: Task:8_iniciar_alteracoes_de_modelagem: 48 mini seconds publishing element
Info: Task:4_planejar_testes_alfa: 50 mini seconds publishing element
Info: Task:6_verificar_necessidade_de_remodelagem: 45 mini seconds publishing element
Info: Discipline:gerencia_validacao: 41 mini seconds publishing element
Info: Task:24_identificar_ambiente: 48 mini seconds publishing element
Info: Task:26_implantar_sistema: 46 mini seconds publishing element
Info: Task:25_instalar_softwares: 47 mini seconds publishing element
Info: Task:28_nova_iteracao_ajustes: 63 mini seconds publishing element
Info: Task:29_comemoracao_fim: 36 mini seconds publishing element
Info: Task:27_apresentar_sistema: 40 mini seconds publishing element
Info: CustomCategory:role_sets: 18 mini seconds publishing element
Info: RoleSet:analise: 23 mini seconds publishing element
Info: : 2753 mini-second(s) publishing element Role:analista[pas\roles\analista_64D8867D.html]
Info: Role:analista: 2755 mini seconds publishing element
Info: Artifact:diagrama_geral_cdus: 559 mini seconds publishing element
Info: Artifact:doc_risco: 126 mini seconds publishing element
Info: Artifact:doc_visao: 197 mini seconds publishing element
Info: Example:exemplo_diagrama_geral_cdus: 368 mini seconds publishing element
Info: Template:modelo_doc_visao: 368 mini seconds publishing element
Info: Template:modelo_doc_risco: 72 mini seconds publishing element
Info: Artifact:especificacao_cdu: 151 mini seconds publishing element
Info: Template:modelo_especificacao_cdu: 74 mini seconds publishing element
Info: Role:stakeholders: 86 mini seconds publishing element
Info: RoleSet:projeto: 23 mini seconds publishing element
Info: Role:arquiteto: 223 mini seconds publishing element
Info: Artifact:doc_arq: 101 mini seconds publishing element
Info: Template:modelo_doc_arquitetura: 75 mini seconds publishing element
Info: Artifact:ata_de_reuniao: 73 mini seconds publishing element
Info: Template:modelo_ata: 74 mini seconds publishing element
Info: Role:projetista: 792 mini seconds publishing element
Info: Artifact:diagrama_de_classes: 92 mini seconds publishing element
Info: Artifact:diagrama_interacao: 87 mini seconds publishing element
Info: Example:exemplo_diagrama_classes: 51 mini seconds publishing element
Info: Example:exemplo_diagrama_interacao: 60 mini seconds publishing element
Info: RoleSet:implementacao_e_testes: 38 mini seconds publishing element
Info: Role:designer: 193 mini seconds publishing element
Info: Artifact:prototipo_de_telas: 70 mini seconds publishing element
Info: Role:implementador_testador: 260 mini seconds publishing element
Info: Artifact:codigos_fontes: 107 mini seconds publishing element
Info: Artifact:plano_de_testes: 80 mini seconds publishing element
Info: Template:modelo_plano_testes: 56 mini seconds publishing element
Info: RoleSet:gerenciamento: 20 mini seconds publishing element
Info: Role:gerente: 231 mini seconds publishing element
Info: Artifact:doc_amb: 61 mini seconds publishing element
Info: Artifact:doc_fdbk: 57 mini seconds publishing element
Info: Artifact:plan_des_soft: 68 mini seconds publishing element
Info: Artifact:plan_iteracao: 67 mini seconds publishing element
Info: Template:modelo_doc_ambiente: 75 mini seconds publishing element
Info: Template:modelo_plan_des_soft: 62 mini seconds publishing element
Info: Template:modelo_plano_iteracao: 62 mini seconds publishing element
Info: CustomCategory:artefatos: 17 mini seconds publishing element
Info: WorkProductType:codigos_fontes: 22 mini seconds publishing element
Info: WorkProductType:diagramas_uml: 21 mini seconds publishing element
Info: WorkProductType:documentos_texto: 28 mini seconds publishing element
Info: WorkProductType:imagem_html: 23 mini seconds publishing element
Info: ToolMentor:ms_project: 492 mini seconds publishing element
Info: CustomCategory:papeis_do_pas: 22 mini seconds publishing element
Info: CustomCategory:artefatos_do_pas: 17 mini seconds publishing element
Info: RoleDescriptor:analista: 857 mini seconds publishing element
Info: RoleDescriptor:arquiteto: 36 mini seconds publishing element
Info: RoleDescriptor:designer: 36 mini seconds publishing element
Info: RoleDescriptor:gerente: 35 mini seconds publishing element
Info: RoleDescriptor:implementador_testador: 39 mini seconds publishing element
Info: RoleDescriptor:projetista: 33 mini seconds publishing element
Info: RoleDescriptor:stakeholders: 32 mini seconds publishing element
Info: WorkProductDescriptor:ata_de_reuniao: 499 mini seconds publishing element
Info: WorkProductDescriptor:codigos_fontes: 37 mini seconds publishing element
Info: WorkProductDescriptor:diagrama_de_classes: 42 mini seconds publishing element
Info: WorkProductDescriptor:diagrama_interacao: 39 mini seconds publishing element
Info: WorkProductDescriptor:diagrama_geral_cdus: 45 mini seconds publishing element
Info: WorkProductDescriptor:doc_amb: 40 mini seconds publishing element
Info: WorkProductDescriptor:doc_arq: 33 mini seconds publishing element
Info: WorkProductDescriptor:doc_fdbk: 38 mini seconds publishing element
Info: WorkProductDescriptor:doc_risco: 35 mini seconds publishing element
Info: WorkProductDescriptor:doc_visao: 34 mini seconds publishing element
Info: WorkProductDescriptor:especificacao_cdu: 38 mini seconds publishing element
Info: WorkProductDescriptor:plan_des_soft: 42 mini seconds publishing element
Info: WorkProductDescriptor:plan_iteracao: 36 mini seconds publishing element
Info: WorkProductDescriptor:plano_de_testes: 45 mini seconds publishing element
Info: WorkProductDescriptor:prototipo_de_telas: 55 mini seconds publishing element
Info: RoleDescriptor:arquiteto: 72 mini seconds publishing element
Info: WorkProductDescriptor:diagrama_geral_cdus: 60 mini seconds publishing element
Info: WorkProductDescriptor:doc_risco: 52 mini seconds publishing element
Info: WorkProductDescriptor:doc_visao: 58 mini seconds publishing element
Info: RoleDescriptor:gerente: 63 mini seconds publishing element
Info: WorkProductDescriptor:doc_arq: 45 mini seconds publishing element
Info: WorkProductDescriptor:doc_risco: 46 mini seconds publishing element
Info: WorkProductDescriptor:doc_visao: 50 mini seconds publishing element
Info: WorkProductDescriptor:diagrama_geral_cdus: 51 mini seconds publishing element
Info: WorkProductDescriptor:ata_de_reuniao: 37 mini seconds publishing element
Info: RoleDescriptor:analista: 50 mini seconds publishing element
Info: WorkProductDescriptor:prototipo_de_telas: 33 mini seconds publishing element
Info: RoleDescriptor:projetista: 39 mini seconds publishing element
Info: RoleDescriptor:arquiteto: 33 mini seconds publishing element
Info: WorkProductDescriptor:diagrama_geral_cdus: 45 mini seconds publishing element
Info: WorkProductDescriptor:doc_arq: 33 mini seconds publishing element
Info: WorkProductDescriptor:doc_visao: 38 mini seconds publishing element
Info: RoleDescriptor:gerente: 35 mini seconds publishing element
Info: RoleDescriptor:analista: 46 mini seconds publishing element
Info: RoleDescriptor:analista: 52 mini seconds publishing element
Info: RoleDescriptor:arquiteto: 57 mini seconds publishing element
Info: RoleDescriptor:projetista: 50 mini seconds publishing element
Info: WorkProductDescriptor:diagrama_geral_cdus: 35 mini seconds publishing element
Info: WorkProductDescriptor:doc_arq: 44 mini seconds publishing element
Info: WorkProductDescriptor:doc_visao: 34 mini seconds publishing element
Info: WorkProductDescriptor:especificacao_cdu: 49 mini seconds publishing element
Info: RoleDescriptor:implementador_testador: 49 mini seconds publishing element
Info: WorkProductDescriptor:diagrama_de_classes: 38 mini seconds publishing element
Info: WorkProductDescriptor:diagrama_interacao: 39 mini seconds publishing element
Info: WorkProductDescriptor:especificacao_cdu: 39 mini seconds publishing element
Info: WorkProductDescriptor:codigos_fontes: 38 mini seconds publishing element
Info: RoleDescriptor:arquiteto: 34 mini seconds publishing element
Info: RoleDescriptor:designer: 33 mini seconds publishing element
Info: RoleDescriptor:projetista: 38 mini seconds publishing element
Info: RoleDescriptor:gerente: 55 mini seconds publishing element
Info: RoleDescriptor:implementador_testador: 34 mini seconds publishing element
Info: WorkProductDescriptor:doc_amb: 37 mini seconds publishing element
Info: WorkProductDescriptor:diagrama_geral_cdus: 40 mini seconds publishing element
Info: WorkProductDescriptor:doc_arq: 33 mini seconds publishing element
Info: WorkProductDescriptor:doc_risco: 44 mini seconds publishing element
Info: WorkProductDescriptor:doc_visao: 41 mini seconds publishing element
Info: WorkProductDescriptor:ata_de_reuniao: 36 mini seconds publishing element
Info: RoleDescriptor:analista: 48 mini seconds publishing element
Info: WorkProductDescriptor:codigos_fontes: 31 mini seconds publishing element
Info: WorkProductDescriptor:doc_fdbk: 34 mini seconds publishing element
Info: WorkProductDescriptor:plan_des_soft: 41 mini seconds publishing element
Info: WorkProductDescriptor:plan_iteracao: 39 mini seconds publishing element
Info: RoleDescriptor:projetista: 37 mini seconds publishing element
Info: WorkProductDescriptor:diagrama_geral_cdus: 39 mini seconds publishing element
Info: WorkProductDescriptor:doc_visao: 39 mini seconds publishing element
Info: WorkProductDescriptor:especificacao_cdu: 39 mini seconds publishing element
Info: RoleDescriptor:gerente: 37 mini seconds publishing element
Info: RoleDescriptor:analista: 50 mini seconds publishing element
Info: RoleDescriptor:projetista: 112 mini seconds publishing element
Info: WorkProductDescriptor:especificacao_cdu: 63 mini seconds publishing element
Info: RoleDescriptor:implementador_testador: 62 mini seconds publishing element
Info: WorkProductDescriptor:diagrama_de_classes: 63 mini seconds publishing element
Info: WorkProductDescriptor:diagrama_interacao: 42 mini seconds publishing element
Info: WorkProductDescriptor:codigos_fontes: 51 mini seconds publishing element
Info: RoleDescriptor:implementador_testador: 52 mini seconds publishing element
Info: WorkProductDescriptor:diagrama_de_classes: 36 mini seconds publishing element
Info: WorkProductDescriptor:diagrama_interacao: 35 mini seconds publishing element
Info: WorkProductDescriptor:especificacao_cdu: 42 mini seconds publishing element
Info: WorkProductDescriptor:plano_de_testes: 38 mini seconds publishing element
Info: WorkProductDescriptor:codigos_fontes: 38 mini seconds publishing element
Info: RoleDescriptor:implementador_testador: 39 mini seconds publishing element
Info: RoleDescriptor:gerente: 53 mini seconds publishing element
Info: WorkProductDescriptor:doc_amb: 33 mini seconds publishing element
Info: WorkProductDescriptor:codigos_fontes: 37 mini seconds publishing element
Info: WorkProductDescriptor:ata_de_reuniao: 35 mini seconds publishing element
Info: WorkProductDescriptor:doc_fdbk: 34 mini seconds publishing element
Info: WorkProductDescriptor:plan_des_soft: 38 mini seconds publishing element
Info: WorkProductDescriptor:diagrama_geral_cdus: 37 mini seconds publishing element
Info: WorkProductDescriptor:doc_risco: 31 mini seconds publishing element
Info: WorkProductDescriptor:doc_visao: 33 mini seconds publishing element
Info: WorkProductDescriptor:plan_iteracao: 36 mini seconds publishing element
Info: RoleDescriptor:analista: 47 mini seconds publishing element
Info: WorkProductDescriptor:diagrama_geral_cdus: 62 mini seconds publishing element
Info: WorkProductDescriptor:doc_visao: 59 mini seconds publishing element
Info: RoleDescriptor:projetista: 57 mini seconds publishing element
Info: WorkProductDescriptor:especificacao_cdu: 62 mini seconds publishing element
Info: RoleDescriptor:analista: 66 mini seconds publishing element
Info: WorkProductDescriptor:diagrama_geral_cdus: 46 mini seconds publishing element
Info: WorkProductDescriptor:doc_visao: 33 mini seconds publishing element
Info: RoleDescriptor:projetista: 35 mini seconds publishing element
Info: RoleDescriptor:implementador_testador: 32 mini seconds publishing element
Info: WorkProductDescriptor:especificacao_cdu: 38 mini seconds publishing element
Info: WorkProductDescriptor:diagrama_de_classes: 34 mini seconds publishing element
Info: WorkProductDescriptor:diagrama_interacao: 36 mini seconds publishing element
Info: RoleDescriptor:implementador_testador: 46 mini seconds publishing element
Info: WorkProductDescriptor:codigos_fontes: 45 mini seconds publishing element
Info: WorkProductDescriptor:plano_de_testes: 38 mini seconds publishing element
Info: RoleDescriptor:projetista: 36 mini seconds publishing element
Info: WorkProductDescriptor:diagrama_de_classes: 41 mini seconds publishing element
Info: WorkProductDescriptor:diagrama_interacao: 76 mini seconds publishing element
Info: WorkProductDescriptor:especificacao_cdu: 52 mini seconds publishing element
Info: RoleDescriptor:gerente: 46 mini seconds publishing element
Info: RoleDescriptor:gerente: 52 mini seconds publishing element
Info: RoleDescriptor:implementador_testador: 50 mini seconds publishing element
Info: WorkProductDescriptor:codigos_fontes: 58 mini seconds publishing element
Info: WorkProductDescriptor:diagrama_de_classes: 52 mini seconds publishing element
Info: WorkProductDescriptor:diagrama_interacao: 58 mini seconds publishing element
Info: WorkProductDescriptor:diagrama_geral_cdus: 58 mini seconds publishing element
Info: WorkProductDescriptor:doc_amb: 56 mini seconds publishing element
Info: WorkProductDescriptor:doc_arq: 37 mini seconds publishing element
Info: WorkProductDescriptor:doc_risco: 37 mini seconds publishing element
Info: WorkProductDescriptor:doc_visao: 39 mini seconds publishing element
Info: WorkProductDescriptor:especificacao_cdu: 38 mini seconds publishing element
Info: WorkProductDescriptor:plan_des_soft: 40 mini seconds publishing element
Info: WorkProductDescriptor:plan_iteracao: 37 mini seconds publishing element
Info: WorkProductDescriptor:plano_de_testes: 39 mini seconds publishing element
Info: WorkProductDescriptor:prototipo_de_telas: 37 mini seconds publishing element
Info: WorkProductDescriptor:ata_de_reuniao: 37 mini seconds publishing element
Info: RoleDescriptor:arquiteto: 37 mini seconds publishing element
Info: RoleDescriptor:projetista: 42 mini seconds publishing element
Info: RoleDescriptor:analista: 42 mini seconds publishing element
Info: RoleDescriptor:designer: 35 mini seconds publishing element
Info: Domain:construcao_domaisn: 26 mini seconds publishing element
Info: Domain:elaboracao_domain: 25 mini seconds publishing element
Info: Domain:concepcao_domain: 22 mini seconds publishing element
Info: Domain:validacao_domain: 23 mini seconds publishing element
Info: : Publishing time: 1 minutes 32 seconds
