Warning: DeliveryProcess:pas: missing resource file './../../pas/deliveryprocesses/Concep&ccedil;&atilde;o_757F1E16.html'
Warning: DeliveryProcess:pas: missing resource file './../../pas/deliveryprocesses/Elabora&ccedil;&atilde;o_24FFB03.html'
Warning: DeliveryProcess:pas: missing resource file './../../pas/deliveryprocesses/Constru&ccedil;&atilde;o_4F1185A4.html'
Warning: DeliveryProcess:pas: missing resource file './../../pas/deliveryprocesses/Valida&ccedil;&atilde;o_A351A7F4.html'
Warning: DeliveryProcess:pas: missing resource file './../../pas/deliveryprocesses/Concep&ccedil;&atilde;o_757F1E16.html'
Warning: DeliveryProcess:pas: missing resource file './../../pas/deliveryprocesses/Elabora&ccedil;&atilde;o_24FFB03.html'
Warning: DeliveryProcess:pas: missing resource file './../../pas/deliveryprocesses/Constru&ccedil;&atilde;o_4F1185A4.html'
Warning: DeliveryProcess:pas: missing resource file './../../pas/deliveryprocesses/Valida&ccedil;&atilde;o_A351A7F4.html'
Warning: Phase:Concepção: missing resource file './../../pas/deliveryprocesses/resources/Concep&ccedil;&atilde;o_757F1E16_Activity.jpeg'
Warning: Phase:Concepção: missing resource file './../../pas/deliveryprocesses/Requisitos Concep&ccedil;&atilde;o_3C49BEB.html'
Warning: Phase:Concepção: missing resource file './../../pas/deliveryprocesses/An&aacute;lise e Projeto Concep&ccedil;&atilde;o_D5AF3EEE.html'
Warning: Phase:Concepção: missing resource file './../../pas/deliveryprocesses/Implementa&ccedil;&atilde;o e Testes Concep&ccedil;&atilde;o_6299D380.html'
Warning: Phase:Concepção: missing resource file './../../pas/deliveryprocesses/Ger&ecirc;ncia de Processo Concep&ccedil;&atilde;o_14EC4189.html'
Warning: Phase:Concepção: missing resource file './../../pas/deliveryprocesses/resources/Concep&ccedil;&atilde;o_757F1E16_Activity.jpeg'
Warning: Phase:Concepção: missing resource file './../../pas/deliveryprocesses/Requisitos Concep&ccedil;&atilde;o_3C49BEB.html'
Warning: Phase:Concepção: missing resource file './../../pas/deliveryprocesses/An&aacute;lise e Projeto Concep&ccedil;&atilde;o_D5AF3EEE.html'
Warning: Phase:Concepção: missing resource file './../../pas/deliveryprocesses/Implementa&ccedil;&atilde;o e Testes Concep&ccedil;&atilde;o_6299D380.html'
Warning: Phase:Concepção: missing resource file './../../pas/deliveryprocesses/Ger&ecirc;ncia de Processo Concep&ccedil;&atilde;o_14EC4189.html'
Warning: Activity:Requisitos Concepção: missing resource file './../../pas/deliveryprocesses/resources/Requisitos Concep&ccedil;&atilde;o_3C49BEB_Activity.jpeg'
Warning: Activity:Requisitos Concepção: missing resource file './../../pas/deliveryprocesses/resources/Requisitos Concep&ccedil;&atilde;o_3C49BEB_ActivityDetail.jpeg'
Warning: Activity:Requisitos Concepção: missing resource file './../../pas/deliveryprocesses/Concep&ccedil;&atilde;o_757F1E16.html'
Warning: Activity:Requisitos Concepção: missing resource file './../../pas/deliveryprocesses/resources/Requisitos Concep&ccedil;&atilde;o_3C49BEB_Activity.jpeg'
Warning: Activity:Requisitos Concepção: missing resource file './../../pas/deliveryprocesses/resources/Requisitos Concep&ccedil;&atilde;o_3C49BEB_ActivityDetail.jpeg'
Warning: Activity:Análise e Projeto Concepção: missing resource file './../../pas/deliveryprocesses/resources/An&aacute;lise e Projeto Concep&ccedil;&atilde;o_D5AF3EEE_Activity.jpeg'
Warning: Activity:Análise e Projeto Concepção: missing resource file './../../pas/deliveryprocesses/resources/An&aacute;lise e Projeto Concep&ccedil;&atilde;o_D5AF3EEE_ActivityDetail.jpeg'
Warning: Activity:Análise e Projeto Concepção: missing resource file './../../pas/deliveryprocesses/Concep&ccedil;&atilde;o_757F1E16.html'
Warning: Activity:Análise e Projeto Concepção: missing resource file './../../pas/deliveryprocesses/resources/An&aacute;lise e Projeto Concep&ccedil;&atilde;o_D5AF3EEE_Activity.jpeg'
Warning: Activity:Análise e Projeto Concepção: missing resource file './../../pas/deliveryprocesses/resources/An&aacute;lise e Projeto Concep&ccedil;&atilde;o_D5AF3EEE_ActivityDetail.jpeg'
Warning: Activity:Implementação e Testes Concepção: missing resource file './../../pas/deliveryprocesses/resources/Implementa&ccedil;&atilde;o e Testes Concep&ccedil;&atilde;o_6299D380_Activity.jpeg'
Warning: Activity:Implementação e Testes Concepção: missing resource file './../../pas/deliveryprocesses/resources/Implementa&ccedil;&atilde;o e Testes Concep&ccedil;&atilde;o_6299D380_ActivityDetail.jpeg'
Warning: Activity:Implementação e Testes Concepção: missing resource file './../../pas/deliveryprocesses/Concep&ccedil;&atilde;o_757F1E16.html'
Warning: Activity:Implementação e Testes Concepção: missing resource file './../../pas/deliveryprocesses/resources/Implementa&ccedil;&atilde;o e Testes Concep&ccedil;&atilde;o_6299D380_Activity.jpeg'
Warning: Activity:Implementação e Testes Concepção: missing resource file './../../pas/deliveryprocesses/resources/Implementa&ccedil;&atilde;o e Testes Concep&ccedil;&atilde;o_6299D380_ActivityDetail.jpeg'
Warning: Activity:Gerência de Processo Concepção: missing resource file './../../pas/deliveryprocesses/resources/Ger&ecirc;ncia de Processo Concep&ccedil;&atilde;o_14EC4189_Activity.jpeg'
Warning: Activity:Gerência de Processo Concepção: missing resource file './../../pas/deliveryprocesses/resources/Ger&ecirc;ncia de Processo Concep&ccedil;&atilde;o_14EC4189_ActivityDetail.jpeg'
Warning: Activity:Gerência de Processo Concepção: missing resource file './../../pas/deliveryprocesses/Concep&ccedil;&atilde;o_757F1E16.html'
Warning: Activity:Gerência de Processo Concepção: missing resource file './../../pas/deliveryprocesses/resources/Ger&ecirc;ncia de Processo Concep&ccedil;&atilde;o_14EC4189_Activity.jpeg'
Warning: Activity:Gerência de Processo Concepção: missing resource file './../../pas/deliveryprocesses/resources/Ger&ecirc;ncia de Processo Concep&ccedil;&atilde;o_14EC4189_ActivityDetail.jpeg'
Warning: Phase:Elaboração: missing resource file './../../pas/deliveryprocesses/resources/Elabora&ccedil;&atilde;o_24FFB03_Activity.jpeg'
Warning: Phase:Elaboração: missing resource file './../../pas/deliveryprocesses/Requisitos Elabora&ccedil;&atilde;o_906D359E.html'
Warning: Phase:Elaboração: missing resource file './../../pas/deliveryprocesses/An&aacute;lise e Projeto Elabora&ccedil;&atilde;o_45AAA1BA.html'
Warning: Phase:Elaboração: missing resource file './../../pas/deliveryprocesses/Implementa&ccedil;&atilde;o e Testes Elabora&ccedil;&atilde;o_5824897C.html'
Warning: Phase:Elaboração: missing resource file './../../pas/deliveryprocesses/Ger&ecirc;ncia de Processo Elabora&ccedil;&atilde;o_8BE78703.html'
Warning: Phase:Elaboração: missing resource file './../../pas/deliveryprocesses/resources/Elabora&ccedil;&atilde;o_24FFB03_Activity.jpeg'
Warning: Phase:Elaboração: missing resource file './../../pas/deliveryprocesses/Requisitos Elabora&ccedil;&atilde;o_906D359E.html'
Warning: Phase:Elaboração: missing resource file './../../pas/deliveryprocesses/An&aacute;lise e Projeto Elabora&ccedil;&atilde;o_45AAA1BA.html'
Warning: Phase:Elaboração: missing resource file './../../pas/deliveryprocesses/Implementa&ccedil;&atilde;o e Testes Elabora&ccedil;&atilde;o_5824897C.html'
Warning: Phase:Elaboração: missing resource file './../../pas/deliveryprocesses/Ger&ecirc;ncia de Processo Elabora&ccedil;&atilde;o_8BE78703.html'
Warning: Activity:Requisitos Elaboração: missing resource file './../../pas/deliveryprocesses/resources/Requisitos Elabora&ccedil;&atilde;o_906D359E_Activity.jpeg'
Warning: Activity:Requisitos Elaboração: missing resource file './../../pas/deliveryprocesses/resources/Requisitos Elabora&ccedil;&atilde;o_906D359E_ActivityDetail.jpeg'
Warning: Activity:Requisitos Elaboração: missing resource file './../../pas/deliveryprocesses/Elabora&ccedil;&atilde;o_24FFB03.html'
Warning: Activity:Requisitos Elaboração: missing resource file './../../pas/deliveryprocesses/resources/Requisitos Elabora&ccedil;&atilde;o_906D359E_Activity.jpeg'
Warning: Activity:Requisitos Elaboração: missing resource file './../../pas/deliveryprocesses/resources/Requisitos Elabora&ccedil;&atilde;o_906D359E_ActivityDetail.jpeg'
Warning: Activity:Análise e Projeto Elaboração: missing resource file './../../pas/deliveryprocesses/resources/An&aacute;lise e Projeto Elabora&ccedil;&atilde;o_45AAA1BA_Activity.jpeg'
Warning: Activity:Análise e Projeto Elaboração: missing resource file './../../pas/deliveryprocesses/resources/An&aacute;lise e Projeto Elabora&ccedil;&atilde;o_45AAA1BA_ActivityDetail.jpeg'
Warning: Activity:Análise e Projeto Elaboração: missing resource file './../../pas/deliveryprocesses/Elabora&ccedil;&atilde;o_24FFB03.html'
Warning: Activity:Análise e Projeto Elaboração: missing resource file './../../pas/deliveryprocesses/resources/An&aacute;lise e Projeto Elabora&ccedil;&atilde;o_45AAA1BA_Activity.jpeg'
Warning: Activity:Análise e Projeto Elaboração: missing resource file './../../pas/deliveryprocesses/resources/An&aacute;lise e Projeto Elabora&ccedil;&atilde;o_45AAA1BA_ActivityDetail.jpeg'
Warning: Activity:Implementação e Testes Elaboração: missing resource file './../../pas/deliveryprocesses/resources/Implementa&ccedil;&atilde;o e Testes Elabora&ccedil;&atilde;o_5824897C_Activity.jpeg'
Warning: Activity:Implementação e Testes Elaboração: missing resource file './../../pas/deliveryprocesses/resources/Implementa&ccedil;&atilde;o e Testes Elabora&ccedil;&atilde;o_5824897C_ActivityDetail.jpeg'
Warning: Activity:Implementação e Testes Elaboração: missing resource file './../../pas/deliveryprocesses/Elabora&ccedil;&atilde;o_24FFB03.html'
Warning: Activity:Implementação e Testes Elaboração: missing resource file './../../pas/deliveryprocesses/resources/Implementa&ccedil;&atilde;o e Testes Elabora&ccedil;&atilde;o_5824897C_Activity.jpeg'
Warning: Activity:Implementação e Testes Elaboração: missing resource file './../../pas/deliveryprocesses/resources/Implementa&ccedil;&atilde;o e Testes Elabora&ccedil;&atilde;o_5824897C_ActivityDetail.jpeg'
Warning: Activity:Gerência de Processo Elaboração: missing resource file './../../pas/deliveryprocesses/resources/Ger&ecirc;ncia de Processo Elabora&ccedil;&atilde;o_8BE78703_Activity.jpeg'
Warning: Activity:Gerência de Processo Elaboração: missing resource file './../../pas/deliveryprocesses/resources/Ger&ecirc;ncia de Processo Elabora&ccedil;&atilde;o_8BE78703_ActivityDetail.jpeg'
Warning: Activity:Gerência de Processo Elaboração: missing resource file './../../pas/deliveryprocesses/Elabora&ccedil;&atilde;o_24FFB03.html'
Warning: Activity:Gerência de Processo Elaboração: missing resource file './../../pas/deliveryprocesses/resources/Ger&ecirc;ncia de Processo Elabora&ccedil;&atilde;o_8BE78703_Activity.jpeg'
Warning: Activity:Gerência de Processo Elaboração: missing resource file './../../pas/deliveryprocesses/resources/Ger&ecirc;ncia de Processo Elabora&ccedil;&atilde;o_8BE78703_ActivityDetail.jpeg'
Warning: Phase:Construção: missing resource file './../../pas/deliveryprocesses/resources/Constru&ccedil;&atilde;o_4F1185A4_Activity.jpeg'
Warning: Phase:Construção: missing resource file './../../pas/deliveryprocesses/Requisitos Constru&ccedil;&atilde;o_6E4A9088.html'
Warning: Phase:Construção: missing resource file './../../pas/deliveryprocesses/An&aacute;lise e Projeto Constru&ccedil;&atilde;o_4CB298C2.html'
Warning: Phase:Construção: missing resource file './../../pas/deliveryprocesses/Implementa&ccedil;&atilde;o e Testes Constru&ccedil;&atilde;o_460953E6.html'
Warning: Phase:Construção: missing resource file './../../pas/deliveryprocesses/Ger&ecirc;ncia de Processo Constru&ccedil;&atilde;o_29183F0D.html'
Warning: Phase:Construção: missing resource file './../../pas/deliveryprocesses/resources/Constru&ccedil;&atilde;o_4F1185A4_Activity.jpeg'
Warning: Phase:Construção: missing resource file './../../pas/deliveryprocesses/Requisitos Constru&ccedil;&atilde;o_6E4A9088.html'
Warning: Phase:Construção: missing resource file './../../pas/deliveryprocesses/An&aacute;lise e Projeto Constru&ccedil;&atilde;o_4CB298C2.html'
Warning: Phase:Construção: missing resource file './../../pas/deliveryprocesses/Implementa&ccedil;&atilde;o e Testes Constru&ccedil;&atilde;o_460953E6.html'
Warning: Phase:Construção: missing resource file './../../pas/deliveryprocesses/Ger&ecirc;ncia de Processo Constru&ccedil;&atilde;o_29183F0D.html'
Warning: Activity:Requisitos Construção: missing resource file './../../pas/deliveryprocesses/resources/Requisitos Constru&ccedil;&atilde;o_6E4A9088_Activity.jpeg'
Warning: Activity:Requisitos Construção: missing resource file './../../pas/deliveryprocesses/resources/Requisitos Constru&ccedil;&atilde;o_6E4A9088_ActivityDetail.jpeg'
Warning: Activity:Requisitos Construção: missing resource file './../../pas/deliveryprocesses/Constru&ccedil;&atilde;o_4F1185A4.html'
Warning: Activity:Requisitos Construção: missing resource file './../../pas/deliveryprocesses/resources/Requisitos Constru&ccedil;&atilde;o_6E4A9088_Activity.jpeg'
Warning: Activity:Requisitos Construção: missing resource file './../../pas/deliveryprocesses/resources/Requisitos Constru&ccedil;&atilde;o_6E4A9088_ActivityDetail.jpeg'
Warning: Activity:Análise e Projeto Construção: missing resource file './../../pas/deliveryprocesses/resources/An&aacute;lise e Projeto Constru&ccedil;&atilde;o_4CB298C2_Activity.jpeg'
Warning: Activity:Análise e Projeto Construção: missing resource file './../../pas/deliveryprocesses/resources/An&aacute;lise e Projeto Constru&ccedil;&atilde;o_4CB298C2_ActivityDetail.jpeg'
Warning: Activity:Análise e Projeto Construção: missing resource file './../../pas/deliveryprocesses/Constru&ccedil;&atilde;o_4F1185A4.html'
Warning: Activity:Análise e Projeto Construção: missing resource file './../../pas/deliveryprocesses/resources/An&aacute;lise e Projeto Constru&ccedil;&atilde;o_4CB298C2_Activity.jpeg'
Warning: Activity:Análise e Projeto Construção: missing resource file './../../pas/deliveryprocesses/resources/An&aacute;lise e Projeto Constru&ccedil;&atilde;o_4CB298C2_ActivityDetail.jpeg'
Warning: Activity:Implementação e Testes Construção: missing resource file './../../pas/deliveryprocesses/resources/Implementa&ccedil;&atilde;o e Testes Constru&ccedil;&atilde;o_460953E6_Activity.jpeg'
Warning: Activity:Implementação e Testes Construção: missing resource file './../../pas/deliveryprocesses/resources/Implementa&ccedil;&atilde;o e Testes Constru&ccedil;&atilde;o_460953E6_ActivityDetail.jpeg'
Warning: Activity:Implementação e Testes Construção: missing resource file './../../pas/deliveryprocesses/Constru&ccedil;&atilde;o_4F1185A4.html'
Warning: Activity:Implementação e Testes Construção: missing resource file './../../pas/deliveryprocesses/resources/Implementa&ccedil;&atilde;o e Testes Constru&ccedil;&atilde;o_460953E6_Activity.jpeg'
Warning: Activity:Implementação e Testes Construção: missing resource file './../../pas/deliveryprocesses/resources/Implementa&ccedil;&atilde;o e Testes Constru&ccedil;&atilde;o_460953E6_ActivityDetail.jpeg'
Warning: Activity:Gerência de Processo Construção: missing resource file './../../pas/deliveryprocesses/resources/Ger&ecirc;ncia de Processo Constru&ccedil;&atilde;o_29183F0D_Activity.jpeg'
Warning: Activity:Gerência de Processo Construção: missing resource file './../../pas/deliveryprocesses/resources/Ger&ecirc;ncia de Processo Constru&ccedil;&atilde;o_29183F0D_ActivityDetail.jpeg'
Warning: Activity:Gerência de Processo Construção: missing resource file './../../pas/deliveryprocesses/Constru&ccedil;&atilde;o_4F1185A4.html'
Warning: Activity:Gerência de Processo Construção: missing resource file './../../pas/deliveryprocesses/resources/Ger&ecirc;ncia de Processo Constru&ccedil;&atilde;o_29183F0D_Activity.jpeg'
Warning: Activity:Gerência de Processo Construção: missing resource file './../../pas/deliveryprocesses/resources/Ger&ecirc;ncia de Processo Constru&ccedil;&atilde;o_29183F0D_ActivityDetail.jpeg'
Warning: Phase:Validação: missing resource file './../../pas/deliveryprocesses/resources/Valida&ccedil;&atilde;o_A351A7F4_Activity.jpeg'
Warning: Phase:Validação: missing resource file './../../pas/deliveryprocesses/Requisitos Valida&ccedil;&atilde;o_7F26D330.html'
Warning: Phase:Validação: missing resource file './../../pas/deliveryprocesses/An&aacute;lise e Projeto Valida&ccedil;&atilde;o_1E5A6C4.html'
Warning: Phase:Validação: missing resource file './../../pas/deliveryprocesses/Implementa&ccedil;&atilde;o e Testes Valida&ccedil;&atilde;o_62693C6F.html'
Warning: Phase:Validação: missing resource file './../../pas/deliveryprocesses/Ger&ecirc;ncia de Processo Valida&ccedil;&atilde;o_CDF4368B.html'
Warning: Phase:Validação: missing resource file './../../pas/deliveryprocesses/resources/Valida&ccedil;&atilde;o_A351A7F4_Activity.jpeg'
Warning: Phase:Validação: missing resource file './../../pas/deliveryprocesses/Requisitos Valida&ccedil;&atilde;o_7F26D330.html'
Warning: Phase:Validação: missing resource file './../../pas/deliveryprocesses/An&aacute;lise e Projeto Valida&ccedil;&atilde;o_1E5A6C4.html'
Warning: Phase:Validação: missing resource file './../../pas/deliveryprocesses/Implementa&ccedil;&atilde;o e Testes Valida&ccedil;&atilde;o_62693C6F.html'
Warning: Phase:Validação: missing resource file './../../pas/deliveryprocesses/Ger&ecirc;ncia de Processo Valida&ccedil;&atilde;o_CDF4368B.html'
Warning: Activity:Requisitos Validação: missing resource file './../../pas/deliveryprocesses/resources/Requisitos Valida&ccedil;&atilde;o_7F26D330_Activity.jpeg'
Warning: Activity:Requisitos Validação: missing resource file './../../pas/deliveryprocesses/resources/Requisitos Valida&ccedil;&atilde;o_7F26D330_ActivityDetail.jpeg'
Warning: Activity:Requisitos Validação: missing resource file './../../pas/deliveryprocesses/Valida&ccedil;&atilde;o_A351A7F4.html'
Warning: Activity:Requisitos Validação: missing resource file './../../pas/deliveryprocesses/resources/Requisitos Valida&ccedil;&atilde;o_7F26D330_Activity.jpeg'
Warning: Activity:Requisitos Validação: missing resource file './../../pas/deliveryprocesses/resources/Requisitos Valida&ccedil;&atilde;o_7F26D330_ActivityDetail.jpeg'
Warning: Activity:Análise e Projeto Validação: missing resource file './../../pas/deliveryprocesses/resources/An&aacute;lise e Projeto Valida&ccedil;&atilde;o_1E5A6C4_Activity.jpeg'
Warning: Activity:Análise e Projeto Validação: missing resource file './../../pas/deliveryprocesses/resources/An&aacute;lise e Projeto Valida&ccedil;&atilde;o_1E5A6C4_ActivityDetail.jpeg'
Warning: Activity:Análise e Projeto Validação: missing resource file './../../pas/deliveryprocesses/Valida&ccedil;&atilde;o_A351A7F4.html'
Warning: Activity:Análise e Projeto Validação: missing resource file './../../pas/deliveryprocesses/resources/An&aacute;lise e Projeto Valida&ccedil;&atilde;o_1E5A6C4_Activity.jpeg'
Warning: Activity:Análise e Projeto Validação: missing resource file './../../pas/deliveryprocesses/resources/An&aacute;lise e Projeto Valida&ccedil;&atilde;o_1E5A6C4_ActivityDetail.jpeg'
Warning: Activity:Implementação e Testes Validação: missing resource file './../../pas/deliveryprocesses/resources/Implementa&ccedil;&atilde;o e Testes Valida&ccedil;&atilde;o_62693C6F_Activity.jpeg'
Warning: Activity:Implementação e Testes Validação: missing resource file './../../pas/deliveryprocesses/resources/Implementa&ccedil;&atilde;o e Testes Valida&ccedil;&atilde;o_62693C6F_ActivityDetail.jpeg'
Warning: Activity:Implementação e Testes Validação: missing resource file './../../pas/deliveryprocesses/Valida&ccedil;&atilde;o_A351A7F4.html'
Warning: Activity:Implementação e Testes Validação: missing resource file './../../pas/deliveryprocesses/resources/Implementa&ccedil;&atilde;o e Testes Valida&ccedil;&atilde;o_62693C6F_Activity.jpeg'
Warning: Activity:Implementação e Testes Validação: missing resource file './../../pas/deliveryprocesses/resources/Implementa&ccedil;&atilde;o e Testes Valida&ccedil;&atilde;o_62693C6F_ActivityDetail.jpeg'
Warning: Activity:Gerência de Processo Validação: missing resource file './../../pas/deliveryprocesses/resources/Ger&ecirc;ncia de Processo Valida&ccedil;&atilde;o_CDF4368B_Activity.jpeg'
Warning: Activity:Gerência de Processo Validação: missing resource file './../../pas/deliveryprocesses/resources/Ger&ecirc;ncia de Processo Valida&ccedil;&atilde;o_CDF4368B_ActivityDetail.jpeg'
Warning: Activity:Gerência de Processo Validação: missing resource file './../../pas/deliveryprocesses/Valida&ccedil;&atilde;o_A351A7F4.html'
Warning: Activity:Gerência de Processo Validação: missing resource file './../../pas/deliveryprocesses/resources/Ger&ecirc;ncia de Processo Valida&ccedil;&atilde;o_CDF4368B_Activity.jpeg'
Warning: Activity:Gerência de Processo Validação: missing resource file './../../pas/deliveryprocesses/resources/Ger&ecirc;ncia de Processo Valida&ccedil;&atilde;o_CDF4368B_ActivityDetail.jpeg'
Warning: Task:5_classificar_cdus: missing resource file './../../pas/deliveryprocesses/Concep&ccedil;&atilde;o_757F1E16.html'
Warning: Task:5_classificar_cdus: missing resource file './../../pas/deliveryprocesses/Requisitos Concep&ccedil;&atilde;o_3C49BEB.html'
Warning: Task:1_definir_projeto: missing resource file './../../pas/deliveryprocesses/Concep&ccedil;&atilde;o_757F1E16.html'
Warning: Task:1_definir_projeto: missing resource file './../../pas/deliveryprocesses/Requisitos Concep&ccedil;&atilde;o_3C49BEB.html'
Warning: Task:3_definir_funcoes: missing resource file './../../pas/deliveryprocesses/Concep&ccedil;&atilde;o_757F1E16.html'
Warning: Task:3_definir_funcoes: missing resource file './../../pas/deliveryprocesses/Requisitos Concep&ccedil;&atilde;o_3C49BEB.html'
Warning: Task:2_definir_escopo: missing resource file './../../pas/deliveryprocesses/Concep&ccedil;&atilde;o_757F1E16.html'
Warning: Task:2_definir_escopo: missing resource file './../../pas/deliveryprocesses/Requisitos Concep&ccedil;&atilde;o_3C49BEB.html'
Warning: Task:6_descrever_cdus: missing resource file './../../pas/deliveryprocesses/Concep&ccedil;&atilde;o_757F1E16.html'
Warning: Task:6_descrever_cdus: missing resource file './../../pas/deliveryprocesses/Requisitos Concep&ccedil;&atilde;o_3C49BEB.html'
Warning: Task:4_dividir_em_cdus: missing resource file './../../pas/deliveryprocesses/Concep&ccedil;&atilde;o_757F1E16.html'
Warning: Task:4_dividir_em_cdus: missing resource file './../../pas/deliveryprocesses/Requisitos Concep&ccedil;&atilde;o_3C49BEB.html'
Warning: Task:7_analisar_ambiente: missing resource file './../../pas/deliveryprocesses/Concep&ccedil;&atilde;o_757F1E16.html'
Warning: Task:7_analisar_ambiente: missing resource file './../../pas/deliveryprocesses/An&aacute;lise e Projeto Concep&ccedil;&atilde;o_D5AF3EEE.html'
Warning: Task:9_analisar_mod_cdu: missing resource file './../../pas/deliveryprocesses/Concep&ccedil;&atilde;o_757F1E16.html'
Warning: Task:9_analisar_mod_cdu: missing resource file './../../pas/deliveryprocesses/An&aacute;lise e Projeto Concep&ccedil;&atilde;o_D5AF3EEE.html'
Warning: Task:8_analisar_restricoes: missing resource file './../../pas/deliveryprocesses/Concep&ccedil;&atilde;o_757F1E16.html'
Warning: Task:8_analisar_restricoes: missing resource file './../../pas/deliveryprocesses/An&aacute;lise e Projeto Concep&ccedil;&atilde;o_D5AF3EEE.html'
Warning: Task:11_elaborar_doc_arq: missing resource file './../../pas/deliveryprocesses/Concep&ccedil;&atilde;o_757F1E16.html'
Warning: Task:11_elaborar_doc_arq: missing resource file './../../pas/deliveryprocesses/An&aacute;lise e Projeto Concep&ccedil;&atilde;o_D5AF3EEE.html'
Warning: Task:10_reunir_equipe: missing resource file './../../pas/deliveryprocesses/Concep&ccedil;&atilde;o_757F1E16.html'
Warning: Task:10_reunir_equipe: missing resource file './../../pas/deliveryprocesses/An&aacute;lise e Projeto Concep&ccedil;&atilde;o_D5AF3EEE.html'
Warning: Task:12_capturar_telas: missing resource file './../../pas/deliveryprocesses/Concep&ccedil;&atilde;o_757F1E16.html'
Warning: Task:12_capturar_telas: missing resource file './../../pas/deliveryprocesses/Implementa&ccedil;&atilde;o e Testes Concep&ccedil;&atilde;o_6299D380.html'
Warning: Task:13_confeccionar_prototipo: missing resource file './../../pas/deliveryprocesses/Concep&ccedil;&atilde;o_757F1E16.html'
Warning: Task:13_confeccionar_prototipo: missing resource file './../../pas/deliveryprocesses/Implementa&ccedil;&atilde;o e Testes Concep&ccedil;&atilde;o_6299D380.html'
Warning: Task:verificar_origem: missing resource file './../../pas/deliveryprocesses/Concep&ccedil;&atilde;o_757F1E16.html'
Warning: Task:verificar_origem: missing resource file './../../pas/deliveryprocesses/Implementa&ccedil;&atilde;o e Testes Concep&ccedil;&atilde;o_6299D380.html'
Warning: Task:11_apresentar_artefatos: missing resource file './../../pas/deliveryprocesses/Concep&ccedil;&atilde;o_757F1E16.html'
Warning: Task:11_apresentar_artefatos: missing resource file './../../pas/deliveryprocesses/Ger&ecirc;ncia de Processo Concep&ccedil;&atilde;o_14EC4189.html'
Warning: Task:12_desenvolver_doc_fdbck: missing resource file './../../pas/deliveryprocesses/Concep&ccedil;&atilde;o_757F1E16.html'
Warning: Task:12_desenvolver_doc_fdbck: missing resource file './../../pas/deliveryprocesses/Ger&ecirc;ncia de Processo Concep&ccedil;&atilde;o_14EC4189.html'
Warning: Task:12_desenvolver_doc_fdbck: missing resource file './../../pas/deliveryprocesses/Elabora&ccedil;&atilde;o_24FFB03.html'
Warning: Task:12_desenvolver_doc_fdbck: missing resource file './../../pas/deliveryprocesses/Ger&ecirc;ncia de Processo Elabora&ccedil;&atilde;o_8BE78703.html'
Warning: Task:12_desenvolver_doc_fdbck: missing resource file './../../pas/deliveryprocesses/Constru&ccedil;&atilde;o_4F1185A4.html'
Warning: Task:12_desenvolver_doc_fdbck: missing resource file './../../pas/deliveryprocesses/Ger&ecirc;ncia de Processo Constru&ccedil;&atilde;o_29183F0D.html'
Warning: Task:14_desenvolver_plan_des_soft: missing resource file './../../pas/deliveryprocesses/Concep&ccedil;&atilde;o_757F1E16.html'
Warning: Task:14_desenvolver_plan_des_soft: missing resource file './../../pas/deliveryprocesses/Ger&ecirc;ncia de Processo Concep&ccedil;&atilde;o_14EC4189.html'
Warning: Task:15_desenvolver_plan_iteracao: missing resource file './../../pas/deliveryprocesses/Concep&ccedil;&atilde;o_757F1E16.html'
Warning: Task:15_desenvolver_plan_iteracao: missing resource file './../../pas/deliveryprocesses/Ger&ecirc;ncia de Processo Concep&ccedil;&atilde;o_14EC4189.html'
Warning: Task:15_desenvolver_plan_iteracao: missing resource file './../../pas/deliveryprocesses/Elabora&ccedil;&atilde;o_24FFB03.html'
Warning: Task:15_desenvolver_plan_iteracao: missing resource file './../../pas/deliveryprocesses/Ger&ecirc;ncia de Processo Elabora&ccedil;&atilde;o_8BE78703.html'
Warning: Task:15_desenvolver_plan_iteracao: missing resource file './../../pas/deliveryprocesses/Constru&ccedil;&atilde;o_4F1185A4.html'
Warning: Task:15_desenvolver_plan_iteracao: missing resource file './../../pas/deliveryprocesses/Ger&ecirc;ncia de Processo Constru&ccedil;&atilde;o_29183F0D.html'
Warning: Task:15_desenvolver_plan_iteracao: missing resource file './../../pas/deliveryprocesses/Valida&ccedil;&atilde;o_A351A7F4.html'
Warning: Task:15_desenvolver_plan_iteracao: missing resource file './../../pas/deliveryprocesses/Ger&ecirc;ncia de Processo Valida&ccedil;&atilde;o_CDF4368B.html'
Warning: Task:6_escrever_doc_amb: missing resource file './../../pas/deliveryprocesses/Concep&ccedil;&atilde;o_757F1E16.html'
Warning: Task:6_escrever_doc_amb: missing resource file './../../pas/deliveryprocesses/Ger&ecirc;ncia de Processo Concep&ccedil;&atilde;o_14EC4189.html'
Warning: Task:6_escrever_doc_amb: missing resource file './../../pas/deliveryprocesses/Elabora&ccedil;&atilde;o_24FFB03.html'
Warning: Task:6_escrever_doc_amb: missing resource file './../../pas/deliveryprocesses/Ger&ecirc;ncia de Processo Elabora&ccedil;&atilde;o_8BE78703.html'
Warning: Task:6_escrever_doc_amb: missing resource file './../../pas/deliveryprocesses/Constru&ccedil;&atilde;o_4F1185A4.html'
Warning: Task:6_escrever_doc_amb: missing resource file './../../pas/deliveryprocesses/Ger&ecirc;ncia de Processo Constru&ccedil;&atilde;o_29183F0D.html'
Warning: Task:4_especif_fer_colab: missing resource file './../../pas/deliveryprocesses/Concep&ccedil;&atilde;o_757F1E16.html'
Warning: Task:4_especif_fer_colab: missing resource file './../../pas/deliveryprocesses/Ger&ecirc;ncia de Processo Concep&ccedil;&atilde;o_14EC4189.html'
Warning: Task:3_especif_fer_ger: missing resource file './../../pas/deliveryprocesses/Concep&ccedil;&atilde;o_757F1E16.html'
Warning: Task:3_especif_fer_ger: missing resource file './../../pas/deliveryprocesses/Ger&ecirc;ncia de Processo Concep&ccedil;&atilde;o_14EC4189.html'
Warning: Task:2_especificar_ferramentas: missing resource file './../../pas/deliveryprocesses/Concep&ccedil;&atilde;o_757F1E16.html'
Warning: Task:2_especificar_ferramentas: missing resource file './../../pas/deliveryprocesses/Ger&ecirc;ncia de Processo Concep&ccedil;&atilde;o_14EC4189.html'
Warning: Task:1_especificar_so: missing resource file './../../pas/deliveryprocesses/Concep&ccedil;&atilde;o_757F1E16.html'
Warning: Task:1_especificar_so: missing resource file './../../pas/deliveryprocesses/Ger&ecirc;ncia de Processo Concep&ccedil;&atilde;o_14EC4189.html'
Warning: Task:10_executar_requisitos: missing resource file './../../pas/deliveryprocesses/Concep&ccedil;&atilde;o_757F1E16.html'
Warning: Task:10_executar_requisitos: missing resource file './../../pas/deliveryprocesses/Ger&ecirc;ncia de Processo Concep&ccedil;&atilde;o_14EC4189.html'
Warning: Task:10_executar_requisitos: missing resource file './../../pas/deliveryprocesses/Elabora&ccedil;&atilde;o_24FFB03.html'
Warning: Task:10_executar_requisitos: missing resource file './../../pas/deliveryprocesses/Ger&ecirc;ncia de Processo Elabora&ccedil;&atilde;o_8BE78703.html'
Warning: Task:13_exec_req_doc_visao: missing resource file './../../pas/deliveryprocesses/Concep&ccedil;&atilde;o_757F1E16.html'
Warning: Task:13_exec_req_doc_visao: missing resource file './../../pas/deliveryprocesses/Ger&ecirc;ncia de Processo Concep&ccedil;&atilde;o_14EC4189.html'
Warning: Task:8_executar_reunioes: missing resource file './../../pas/deliveryprocesses/Concep&ccedil;&atilde;o_757F1E16.html'
Warning: Task:8_executar_reunioes: missing resource file './../../pas/deliveryprocesses/Ger&ecirc;ncia de Processo Concep&ccedil;&atilde;o_14EC4189.html'
Warning: Task:8_executar_reunioes: missing resource file './../../pas/deliveryprocesses/Elabora&ccedil;&atilde;o_24FFB03.html'
Warning: Task:8_executar_reunioes: missing resource file './../../pas/deliveryprocesses/Ger&ecirc;ncia de Processo Elabora&ccedil;&atilde;o_8BE78703.html'
Warning: Task:5_inst_ferramentas: missing resource file './../../pas/deliveryprocesses/Concep&ccedil;&atilde;o_757F1E16.html'
Warning: Task:5_inst_ferramentas: missing resource file './../../pas/deliveryprocesses/Ger&ecirc;ncia de Processo Concep&ccedil;&atilde;o_14EC4189.html'
Warning: Task:7_plan_reunioes_cliente: missing resource file './../../pas/deliveryprocesses/Concep&ccedil;&atilde;o_757F1E16.html'
Warning: Task:7_plan_reunioes_cliente: missing resource file './../../pas/deliveryprocesses/Ger&ecirc;ncia de Processo Concep&ccedil;&atilde;o_14EC4189.html'
Warning: Task:7_plan_reunioes_cliente: missing resource file './../../pas/deliveryprocesses/Elabora&ccedil;&atilde;o_24FFB03.html'
Warning: Task:7_plan_reunioes_cliente: missing resource file './../../pas/deliveryprocesses/Ger&ecirc;ncia de Processo Elabora&ccedil;&atilde;o_8BE78703.html'
Warning: Task:7_plan_reunioes_cliente: missing resource file './../../pas/deliveryprocesses/Constru&ccedil;&atilde;o_4F1185A4.html'
Warning: Task:7_plan_reunioes_cliente: missing resource file './../../pas/deliveryprocesses/Ger&ecirc;ncia de Processo Constru&ccedil;&atilde;o_29183F0D.html'
Warning: Task:7_plan_reunioes_cliente: missing resource file './../../pas/deliveryprocesses/Valida&ccedil;&atilde;o_A351A7F4.html'
Warning: Task:7_plan_reunioes_cliente: missing resource file './../../pas/deliveryprocesses/Ger&ecirc;ncia de Processo Valida&ccedil;&atilde;o_CDF4368B.html'
Warning: Task:9_registrar_em_ata: missing resource file './../../pas/deliveryprocesses/Concep&ccedil;&atilde;o_757F1E16.html'
Warning: Task:9_registrar_em_ata: missing resource file './../../pas/deliveryprocesses/Ger&ecirc;ncia de Processo Concep&ccedil;&atilde;o_14EC4189.html'
Warning: Task:9_registrar_em_ata: missing resource file './../../pas/deliveryprocesses/Elabora&ccedil;&atilde;o_24FFB03.html'
Warning: Task:9_registrar_em_ata: missing resource file './../../pas/deliveryprocesses/Ger&ecirc;ncia de Processo Elabora&ccedil;&atilde;o_8BE78703.html'
Warning: Task:9_registrar_em_ata: missing resource file './../../pas/deliveryprocesses/Constru&ccedil;&atilde;o_4F1185A4.html'
Warning: Task:9_registrar_em_ata: missing resource file './../../pas/deliveryprocesses/Ger&ecirc;ncia de Processo Constru&ccedil;&atilde;o_29183F0D.html'
Warning: Task:9_registrar_em_ata: missing resource file './../../pas/deliveryprocesses/Valida&ccedil;&atilde;o_A351A7F4.html'
Warning: Task:9_registrar_em_ata: missing resource file './../../pas/deliveryprocesses/Ger&ecirc;ncia de Processo Valida&ccedil;&atilde;o_CDF4368B.html'
Warning: Task:4_atualizar_diagrama_cdus: missing resource file './../../pas/deliveryprocesses/Elabora&ccedil;&atilde;o_24FFB03.html'
Warning: Task:4_atualizar_diagrama_cdus: missing resource file './../../pas/deliveryprocesses/Requisitos Elabora&ccedil;&atilde;o_906D359E.html'
Warning: Task:4_atualizar_diagrama_cdus: missing resource file './../../pas/deliveryprocesses/Constru&ccedil;&atilde;o_4F1185A4.html'
Warning: Task:4_atualizar_diagrama_cdus: missing resource file './../../pas/deliveryprocesses/Requisitos Constru&ccedil;&atilde;o_6E4A9088.html'
Warning: Task:5_atualizar_doc_visao: missing resource file './../../pas/deliveryprocesses/Elabora&ccedil;&atilde;o_24FFB03.html'
Warning: Task:5_atualizar_doc_visao: missing resource file './../../pas/deliveryprocesses/Requisitos Elabora&ccedil;&atilde;o_906D359E.html'
Warning: Task:5_atualizar_doc_visao: missing resource file './../../pas/deliveryprocesses/Constru&ccedil;&atilde;o_4F1185A4.html'
Warning: Task:5_atualizar_doc_visao: missing resource file './../../pas/deliveryprocesses/Requisitos Constru&ccedil;&atilde;o_6E4A9088.html'
Warning: Task:2_consultar_cliente: missing resource file './../../pas/deliveryprocesses/Elabora&ccedil;&atilde;o_24FFB03.html'
Warning: Task:2_consultar_cliente: missing resource file './../../pas/deliveryprocesses/Requisitos Elabora&ccedil;&atilde;o_906D359E.html'
Warning: Task:2_consultar_cliente: missing resource file './../../pas/deliveryprocesses/Constru&ccedil;&atilde;o_4F1185A4.html'
Warning: Task:2_consultar_cliente: missing resource file './../../pas/deliveryprocesses/Requisitos Constru&ccedil;&atilde;o_6E4A9088.html'
Warning: Task:0_escolher_cdus: missing resource file './../../pas/deliveryprocesses/Elabora&ccedil;&atilde;o_24FFB03.html'
Warning: Task:0_escolher_cdus: missing resource file './../../pas/deliveryprocesses/Requisitos Elabora&ccedil;&atilde;o_906D359E.html'
Warning: Task:3_identificar_mudancas_requisitos: missing resource file './../../pas/deliveryprocesses/Elabora&ccedil;&atilde;o_24FFB03.html'
Warning: Task:3_identificar_mudancas_requisitos: missing resource file './../../pas/deliveryprocesses/Requisitos Elabora&ccedil;&atilde;o_906D359E.html'
Warning: Task:3_identificar_mudancas_requisitos: missing resource file './../../pas/deliveryprocesses/Constru&ccedil;&atilde;o_4F1185A4.html'
Warning: Task:3_identificar_mudancas_requisitos: missing resource file './../../pas/deliveryprocesses/Requisitos Constru&ccedil;&atilde;o_6E4A9088.html'
Warning: Task:1_det_cdu_escolhido: missing resource file './../../pas/deliveryprocesses/Elabora&ccedil;&atilde;o_24FFB03.html'
Warning: Task:1_det_cdu_escolhido: missing resource file './../../pas/deliveryprocesses/Requisitos Elabora&ccedil;&atilde;o_906D359E.html'
Warning: Task:6_realizar_analise_e_projeto: missing resource file './../../pas/deliveryprocesses/Elabora&ccedil;&atilde;o_24FFB03.html'
Warning: Task:6_realizar_analise_e_projeto: missing resource file './../../pas/deliveryprocesses/Requisitos Elabora&ccedil;&atilde;o_906D359E.html'
Warning: Task:6_realizar_analise_e_projeto: missing resource file './../../pas/deliveryprocesses/Constru&ccedil;&atilde;o_4F1185A4.html'
Warning: Task:6_realizar_analise_e_projeto: missing resource file './../../pas/deliveryprocesses/Requisitos Constru&ccedil;&atilde;o_6E4A9088.html'
Warning: Task:14_ajustar_arq: missing resource file './../../pas/disciplines/analise_elabora&ccedil;&atilde;o_3616E02D.html'
Warning: Task:14_ajustar_arq: missing resource file './../../pas/deliveryprocesses/Elabora&ccedil;&atilde;o_24FFB03.html'
Warning: Task:14_ajustar_arq: missing resource file './../../pas/deliveryprocesses/An&aacute;lise e Projeto Elabora&ccedil;&atilde;o_45AAA1BA.html'
Warning: Task:15_alterar_doc_arq: missing resource file './../../pas/disciplines/analise_elabora&ccedil;&atilde;o_3616E02D.html'
Warning: Task:15_alterar_doc_arq: missing resource file './../../pas/deliveryprocesses/Elabora&ccedil;&atilde;o_24FFB03.html'
Warning: Task:15_alterar_doc_arq: missing resource file './../../pas/deliveryprocesses/An&aacute;lise e Projeto Elabora&ccedil;&atilde;o_45AAA1BA.html'
Warning: Task:7_det_cdus: missing resource file './../../pas/disciplines/analise_elabora&ccedil;&atilde;o_3616E02D.html'
Warning: Task:7_det_cdus: missing resource file './../../pas/deliveryprocesses/Elabora&ccedil;&atilde;o_24FFB03.html'
Warning: Task:7_det_cdus: missing resource file './../../pas/deliveryprocesses/An&aacute;lise e Projeto Elabora&ccedil;&atilde;o_45AAA1BA.html'
Warning: Task:11_elaborar_diagrama_classes: missing resource file './../../pas/disciplines/analise_elabora&ccedil;&atilde;o_3616E02D.html'
Warning: Task:11_elaborar_diagrama_classes: missing resource file './../../pas/deliveryprocesses/Elabora&ccedil;&atilde;o_24FFB03.html'
Warning: Task:11_elaborar_diagrama_classes: missing resource file './../../pas/deliveryprocesses/An&aacute;lise e Projeto Elabora&ccedil;&atilde;o_45AAA1BA.html'
Warning: Task:10_elaborar_diagrama_de_interacao: missing resource file './../../pas/disciplines/analise_elabora&ccedil;&atilde;o_3616E02D.html'
Warning: Task:10_elaborar_diagrama_de_interacao: missing resource file './../../pas/deliveryprocesses/Elabora&ccedil;&atilde;o_24FFB03.html'
Warning: Task:10_elaborar_diagrama_de_interacao: missing resource file './../../pas/deliveryprocesses/An&aacute;lise e Projeto Elabora&ccedil;&atilde;o_45AAA1BA.html'
Warning: Task:10_elaborar_diagrama_de_interacao: missing resource file './../../pas/deliveryprocesses/Constru&ccedil;&atilde;o_4F1185A4.html'
Warning: Task:10_elaborar_diagrama_de_interacao: missing resource file './../../pas/deliveryprocesses/An&aacute;lise e Projeto Constru&ccedil;&atilde;o_4CB298C2.html'
Warning: Task:8_identificar_conceitos: missing resource file './../../pas/disciplines/analise_elabora&ccedil;&atilde;o_3616E02D.html'
Warning: Task:8_identificar_conceitos: missing resource file './../../pas/deliveryprocesses/Elabora&ccedil;&atilde;o_24FFB03.html'
Warning: Task:8_identificar_conceitos: missing resource file './../../pas/deliveryprocesses/An&aacute;lise e Projeto Elabora&ccedil;&atilde;o_45AAA1BA.html'
Warning: Task:8_identificar_conceitos: missing resource file './../../pas/deliveryprocesses/Constru&ccedil;&atilde;o_4F1185A4.html'
Warning: Task:8_identificar_conceitos: missing resource file './../../pas/deliveryprocesses/An&aacute;lise e Projeto Constru&ccedil;&atilde;o_4CB298C2.html'
Warning: Task:9_identificar_operacoes: missing resource file './../../pas/disciplines/analise_elabora&ccedil;&atilde;o_3616E02D.html'
Warning: Task:9_identificar_operacoes: missing resource file './../../pas/deliveryprocesses/Elabora&ccedil;&atilde;o_24FFB03.html'
Warning: Task:9_identificar_operacoes: missing resource file './../../pas/deliveryprocesses/An&aacute;lise e Projeto Elabora&ccedil;&atilde;o_45AAA1BA.html'
Warning: Task:9_identificar_operacoes: missing resource file './../../pas/deliveryprocesses/Constru&ccedil;&atilde;o_4F1185A4.html'
Warning: Task:9_identificar_operacoes: missing resource file './../../pas/deliveryprocesses/An&aacute;lise e Projeto Constru&ccedil;&atilde;o_4CB298C2.html'
Warning: Task:007a_identificar_cdu: missing resource file './../../pas/disciplines/analise_elabora&ccedil;&atilde;o_3616E02D.html'
Warning: Task:007a_identificar_cdu: missing resource file './../../pas/deliveryprocesses/Elabora&ccedil;&atilde;o_24FFB03.html'
Warning: Task:007a_identificar_cdu: missing resource file './../../pas/deliveryprocesses/An&aacute;lise e Projeto Elabora&ccedil;&atilde;o_45AAA1BA.html'
Warning: Task:12_implementar_cdu: missing resource file './../../pas/disciplines/analise_elabora&ccedil;&atilde;o_3616E02D.html'
Warning: Task:12_implementar_cdu: missing resource file './../../pas/deliveryprocesses/Elabora&ccedil;&atilde;o_24FFB03.html'
Warning: Task:12_implementar_cdu: missing resource file './../../pas/deliveryprocesses/An&aacute;lise e Projeto Elabora&ccedil;&atilde;o_45AAA1BA.html'
Warning: Task:13_redefinir_arq: missing resource file './../../pas/disciplines/analise_elabora&ccedil;&atilde;o_3616E02D.html'
Warning: Task:13_redefinir_arq: missing resource file './../../pas/deliveryprocesses/Elabora&ccedil;&atilde;o_24FFB03.html'
Warning: Task:13_redefinir_arq: missing resource file './../../pas/deliveryprocesses/An&aacute;lise e Projeto Elabora&ccedil;&atilde;o_45AAA1BA.html'
Warning: Task:007b_retornar_req: missing resource file './../../pas/disciplines/analise_elabora&ccedil;&atilde;o_3616E02D.html'
Warning: Task:007b_retornar_req: missing resource file './../../pas/deliveryprocesses/Elabora&ccedil;&atilde;o_24FFB03.html'
Warning: Task:007b_retornar_req: missing resource file './../../pas/deliveryprocesses/An&aacute;lise e Projeto Elabora&ccedil;&atilde;o_45AAA1BA.html'
Warning: Task:007_revisar_doc: missing resource file './../../pas/disciplines/analise_elabora&ccedil;&atilde;o_3616E02D.html'
Warning: Task:007_revisar_doc: missing resource file './../../pas/deliveryprocesses/Elabora&ccedil;&atilde;o_24FFB03.html'
Warning: Task:007_revisar_doc: missing resource file './../../pas/deliveryprocesses/An&aacute;lise e Projeto Elabora&ccedil;&atilde;o_45AAA1BA.html'
Warning: Task:17_construir_teste_funcional: missing resource file './../../pas/deliveryprocesses/Elabora&ccedil;&atilde;o_24FFB03.html'
Warning: Task:17_construir_teste_funcional: missing resource file './../../pas/deliveryprocesses/Implementa&ccedil;&atilde;o e Testes Elabora&ccedil;&atilde;o_5824897C.html'
Warning: Task:19_construir_teste_unitario: missing resource file './../../pas/deliveryprocesses/Elabora&ccedil;&atilde;o_24FFB03.html'
Warning: Task:19_construir_teste_unitario: missing resource file './../../pas/deliveryprocesses/Implementa&ccedil;&atilde;o e Testes Elabora&ccedil;&atilde;o_5824897C.html'
Warning: Task:19_construir_teste_unitario: missing resource file './../../pas/deliveryprocesses/Constru&ccedil;&atilde;o_4F1185A4.html'
Warning: Task:19_construir_teste_unitario: missing resource file './../../pas/deliveryprocesses/Implementa&ccedil;&atilde;o e Testes Constru&ccedil;&atilde;o_460953E6.html'
Warning: Task:21_executar_teste_unitario: missing resource file './../../pas/deliveryprocesses/Elabora&ccedil;&atilde;o_24FFB03.html'
Warning: Task:21_executar_teste_unitario: missing resource file './../../pas/deliveryprocesses/Implementa&ccedil;&atilde;o e Testes Elabora&ccedil;&atilde;o_5824897C.html'
Warning: Task:21_executar_teste_unitario: missing resource file './../../pas/deliveryprocesses/Constru&ccedil;&atilde;o_4F1185A4.html'
Warning: Task:21_executar_teste_unitario: missing resource file './../../pas/deliveryprocesses/Implementa&ccedil;&atilde;o e Testes Constru&ccedil;&atilde;o_460953E6.html'
Warning: Task:16_estudar_analise_e_projeto: missing resource file './../../pas/deliveryprocesses/Elabora&ccedil;&atilde;o_24FFB03.html'
Warning: Task:16_estudar_analise_e_projeto: missing resource file './../../pas/deliveryprocesses/Implementa&ccedil;&atilde;o e Testes Elabora&ccedil;&atilde;o_5824897C.html'
Warning: Task:18_exec_teste_funcional: missing resource file './../../pas/deliveryprocesses/Elabora&ccedil;&atilde;o_24FFB03.html'
Warning: Task:18_exec_teste_funcional: missing resource file './../../pas/deliveryprocesses/Implementa&ccedil;&atilde;o e Testes Elabora&ccedil;&atilde;o_5824897C.html'
Warning: Task:20_implementar_classes: missing resource file './../../pas/deliveryprocesses/Elabora&ccedil;&atilde;o_24FFB03.html'
Warning: Task:20_implementar_classes: missing resource file './../../pas/deliveryprocesses/Implementa&ccedil;&atilde;o e Testes Elabora&ccedil;&atilde;o_5824897C.html'
Warning: Task:22_validar_alternativas_tecnologicas: missing resource file './../../pas/deliveryprocesses/Elabora&ccedil;&atilde;o_24FFB03.html'
Warning: Task:22_validar_alternativas_tecnologicas: missing resource file './../../pas/deliveryprocesses/Implementa&ccedil;&atilde;o e Testes Elabora&ccedil;&atilde;o_5824897C.html'
Warning: Task:19_apresentar_implementacao: missing resource file './../../pas/deliveryprocesses/Elabora&ccedil;&atilde;o_24FFB03.html'
Warning: Task:19_apresentar_implementacao: missing resource file './../../pas/deliveryprocesses/Ger&ecirc;ncia de Processo Elabora&ccedil;&atilde;o_8BE78703.html'
Warning: Task:16_especificar_ferram_controle_de_mudanca: missing resource file './../../pas/deliveryprocesses/Elabora&ccedil;&atilde;o_24FFB03.html'
Warning: Task:16_especificar_ferram_controle_de_mudanca: missing resource file './../../pas/deliveryprocesses/Ger&ecirc;ncia de Processo Elabora&ccedil;&atilde;o_8BE78703.html'
Warning: Task:17_especificar_ferramentas_desenv: missing resource file './../../pas/deliveryprocesses/Elabora&ccedil;&atilde;o_24FFB03.html'
Warning: Task:17_especificar_ferramentas_desenv: missing resource file './../../pas/deliveryprocesses/Ger&ecirc;ncia de Processo Elabora&ccedil;&atilde;o_8BE78703.html'
Warning: Task:18_instalar_soft_bib: missing resource file './../../pas/deliveryprocesses/Elabora&ccedil;&atilde;o_24FFB03.html'
Warning: Task:18_instalar_soft_bib: missing resource file './../../pas/deliveryprocesses/Ger&ecirc;ncia de Processo Elabora&ccedil;&atilde;o_8BE78703.html'
Warning: Task:20_revisar_plan_des_soft: missing resource file './../../pas/deliveryprocesses/Elabora&ccedil;&atilde;o_24FFB03.html'
Warning: Task:20_revisar_plan_des_soft: missing resource file './../../pas/deliveryprocesses/Ger&ecirc;ncia de Processo Elabora&ccedil;&atilde;o_8BE78703.html'
Warning: Task:20_revisar_plan_des_soft: missing resource file './../../pas/deliveryprocesses/Constru&ccedil;&atilde;o_4F1185A4.html'
Warning: Task:20_revisar_plan_des_soft: missing resource file './../../pas/deliveryprocesses/Ger&ecirc;ncia de Processo Constru&ccedil;&atilde;o_29183F0D.html'
Warning: Task:20_revisar_plan_des_soft: missing resource file './../../pas/deliveryprocesses/Valida&ccedil;&atilde;o_A351A7F4.html'
Warning: Task:20_revisar_plan_des_soft: missing resource file './../../pas/deliveryprocesses/Ger&ecirc;ncia de Processo Valida&ccedil;&atilde;o_CDF4368B.html'
Warning: Task:1a_detalhar_cdu: missing resource file './../../pas/deliveryprocesses/Constru&ccedil;&atilde;o_4F1185A4.html'
Warning: Task:1a_detalhar_cdu: missing resource file './../../pas/deliveryprocesses/Requisitos Constru&ccedil;&atilde;o_6E4A9088.html'
Warning: Task:atualizar_diagrama_classes: missing resource file './../../pas/deliveryprocesses/Constru&ccedil;&atilde;o_4F1185A4.html'
Warning: Task:atualizar_diagrama_classes: missing resource file './../../pas/deliveryprocesses/An&aacute;lise e Projeto Constru&ccedil;&atilde;o_4CB298C2.html'
Warning: Task:12a_executar_implementacao: missing resource file './../../pas/deliveryprocesses/Constru&ccedil;&atilde;o_4F1185A4.html'
Warning: Task:12a_executar_implementacao: missing resource file './../../pas/deliveryprocesses/An&aacute;lise e Projeto Constru&ccedil;&atilde;o_4CB298C2.html'
Warning: Task:9a_identificar_componentes: missing resource file './../../pas/deliveryprocesses/Constru&ccedil;&atilde;o_4F1185A4.html'
Warning: Task:9a_identificar_componentes: missing resource file './../../pas/deliveryprocesses/An&aacute;lise e Projeto Constru&ccedil;&atilde;o_4CB298C2.html'
Warning: Task:6a_ler_cdus: missing resource file './../../pas/deliveryprocesses/Constru&ccedil;&atilde;o_4F1185A4.html'
Warning: Task:6a_ler_cdus: missing resource file './../../pas/deliveryprocesses/An&aacute;lise e Projeto Constru&ccedil;&atilde;o_4CB298C2.html'
Warning: Task:16b_dividir_componentes: missing resource file './../../pas/deliveryprocesses/Constru&ccedil;&atilde;o_4F1185A4.html'
Warning: Task:16b_dividir_componentes: missing resource file './../../pas/deliveryprocesses/Implementa&ccedil;&atilde;o e Testes Constru&ccedil;&atilde;o_460953E6.html'
Warning: Task:20a_implementar_componente: missing resource file './../../pas/deliveryprocesses/Constru&ccedil;&atilde;o_4F1185A4.html'
Warning: Task:20a_implementar_componente: missing resource file './../../pas/deliveryprocesses/Implementa&ccedil;&atilde;o e Testes Constru&ccedil;&atilde;o_460953E6.html'
Warning: Task:21a_integrar_sistema: missing resource file './../../pas/deliveryprocesses/Constru&ccedil;&atilde;o_4F1185A4.html'
Warning: Task:21a_integrar_sistema: missing resource file './../../pas/deliveryprocesses/Implementa&ccedil;&atilde;o e Testes Constru&ccedil;&atilde;o_460953E6.html'
Warning: Task:16a_planejar_integracao: missing resource file './../../pas/deliveryprocesses/Constru&ccedil;&atilde;o_4F1185A4.html'
Warning: Task:16a_planejar_integracao: missing resource file './../../pas/deliveryprocesses/Implementa&ccedil;&atilde;o e Testes Constru&ccedil;&atilde;o_460953E6.html'
Warning: Task:21b_realizar_teste_de_integracao: missing resource file './../../pas/deliveryprocesses/Constru&ccedil;&atilde;o_4F1185A4.html'
Warning: Task:21b_realizar_teste_de_integracao: missing resource file './../../pas/deliveryprocesses/Implementa&ccedil;&atilde;o e Testes Constru&ccedil;&atilde;o_460953E6.html'
Warning: Task:23_executar_reunioes_cliente: missing resource file './../../pas/deliveryprocesses/Constru&ccedil;&atilde;o_4F1185A4.html'
Warning: Task:23_executar_reunioes_cliente: missing resource file './../../pas/deliveryprocesses/Ger&ecirc;ncia de Processo Constru&ccedil;&atilde;o_29183F0D.html'
Warning: Task:21_identificar_incompatibilidades: missing resource file './../../pas/deliveryprocesses/Constru&ccedil;&atilde;o_4F1185A4.html'
Warning: Task:21_identificar_incompatibilidades: missing resource file './../../pas/deliveryprocesses/Ger&ecirc;ncia de Processo Constru&ccedil;&atilde;o_29183F0D.html'
Warning: Task:22_tratar_incompatibilidades: missing resource file './../../pas/deliveryprocesses/Constru&ccedil;&atilde;o_4F1185A4.html'
Warning: Task:22_tratar_incompatibilidades: missing resource file './../../pas/deliveryprocesses/Ger&ecirc;ncia de Processo Constru&ccedil;&atilde;o_29183F0D.html'
Warning: Task:2_req_construcao: missing resource file './../../pas/deliveryprocesses/Valida&ccedil;&atilde;o_A351A7F4.html'
Warning: Task:2_req_construcao: missing resource file './../../pas/deliveryprocesses/Requisitos Valida&ccedil;&atilde;o_7F26D330.html'
Warning: Task:1_verificar_acrescimo_novos_cdus: missing resource file './../../pas/deliveryprocesses/Valida&ccedil;&atilde;o_A351A7F4.html'
Warning: Task:1_verificar_acrescimo_novos_cdus: missing resource file './../../pas/deliveryprocesses/Requisitos Valida&ccedil;&atilde;o_7F26D330.html'
Warning: Task:1_verificar_acrescimo_novos_cdus: missing resource file './../../pas/deliveryprocesses/An&aacute;lise e Projeto Valida&ccedil;&atilde;o_1E5A6C4.html'
Warning: Task:3_voltar_analise_construcao: missing resource file './../../pas/deliveryprocesses/Valida&ccedil;&atilde;o_A351A7F4.html'
Warning: Task:3_voltar_analise_construcao: missing resource file './../../pas/deliveryprocesses/An&aacute;lise e Projeto Valida&ccedil;&atilde;o_1E5A6C4.html'
Warning: Task:11_acordar_testes_beta: missing resource file './../../pas/deliveryprocesses/Valida&ccedil;&atilde;o_A351A7F4.html'
Warning: Task:11_acordar_testes_beta: missing resource file './../../pas/deliveryprocesses/Implementa&ccedil;&atilde;o e Testes Valida&ccedil;&atilde;o_62693C6F.html'
Warning: Task:9_executar_build: missing resource file './../../pas/deliveryprocesses/Valida&ccedil;&atilde;o_A351A7F4.html'
Warning: Task:9_executar_build: missing resource file './../../pas/deliveryprocesses/Implementa&ccedil;&atilde;o e Testes Valida&ccedil;&atilde;o_62693C6F.html'
Warning: Task:10_executar_implantacao: missing resource file './../../pas/deliveryprocesses/Valida&ccedil;&atilde;o_A351A7F4.html'
Warning: Task:10_executar_implantacao: missing resource file './../../pas/deliveryprocesses/Implementa&ccedil;&atilde;o e Testes Valida&ccedil;&atilde;o_62693C6F.html'
Warning: Task:12_executar_teste_beta: missing resource file './../../pas/deliveryprocesses/Valida&ccedil;&atilde;o_A351A7F4.html'
Warning: Task:12_executar_teste_beta: missing resource file './../../pas/deliveryprocesses/Implementa&ccedil;&atilde;o e Testes Valida&ccedil;&atilde;o_62693C6F.html'
Warning: Task:5_executar_testes_alfa: missing resource file './../../pas/deliveryprocesses/Valida&ccedil;&atilde;o_A351A7F4.html'
Warning: Task:5_executar_testes_alfa: missing resource file './../../pas/deliveryprocesses/Implementa&ccedil;&atilde;o e Testes Valida&ccedil;&atilde;o_62693C6F.html'
Warning: Task:13_gerar_relatorio_de_teste_beta: missing resource file './../../pas/deliveryprocesses/Valida&ccedil;&atilde;o_A351A7F4.html'
Warning: Task:13_gerar_relatorio_de_teste_beta: missing resource file './../../pas/deliveryprocesses/Implementa&ccedil;&atilde;o e Testes Valida&ccedil;&atilde;o_62693C6F.html'
Warning: Task:7_implementar_correcoes: missing resource file './../../pas/deliveryprocesses/Valida&ccedil;&atilde;o_A351A7F4.html'
Warning: Task:7_implementar_correcoes: missing resource file './../../pas/deliveryprocesses/Implementa&ccedil;&atilde;o e Testes Valida&ccedil;&atilde;o_62693C6F.html'
Warning: Task:8_iniciar_alteracoes_de_modelagem: missing resource file './../../pas/deliveryprocesses/Valida&ccedil;&atilde;o_A351A7F4.html'
Warning: Task:8_iniciar_alteracoes_de_modelagem: missing resource file './../../pas/deliveryprocesses/Implementa&ccedil;&atilde;o e Testes Valida&ccedil;&atilde;o_62693C6F.html'
Warning: Task:4_planejar_testes_alfa: missing resource file './../../pas/deliveryprocesses/Valida&ccedil;&atilde;o_A351A7F4.html'
Warning: Task:4_planejar_testes_alfa: missing resource file './../../pas/deliveryprocesses/Implementa&ccedil;&atilde;o e Testes Valida&ccedil;&atilde;o_62693C6F.html'
Warning: Task:6_verificar_necessidade_de_remodelagem: missing resource file './../../pas/deliveryprocesses/Valida&ccedil;&atilde;o_A351A7F4.html'
Warning: Task:6_verificar_necessidade_de_remodelagem: missing resource file './../../pas/deliveryprocesses/Implementa&ccedil;&atilde;o e Testes Valida&ccedil;&atilde;o_62693C6F.html'
Warning: Task:24_identificar_ambiente: missing resource file './../../pas/deliveryprocesses/Valida&ccedil;&atilde;o_A351A7F4.html'
Warning: Task:24_identificar_ambiente: missing resource file './../../pas/deliveryprocesses/Ger&ecirc;ncia de Processo Valida&ccedil;&atilde;o_CDF4368B.html'
Warning: Task:26_implantar_sistema: missing resource file './../../pas/deliveryprocesses/Valida&ccedil;&atilde;o_A351A7F4.html'
Warning: Task:26_implantar_sistema: missing resource file './../../pas/deliveryprocesses/Ger&ecirc;ncia de Processo Valida&ccedil;&atilde;o_CDF4368B.html'
Warning: Task:25_instalar_softwares: missing resource file './../../pas/deliveryprocesses/Valida&ccedil;&atilde;o_A351A7F4.html'
Warning: Task:25_instalar_softwares: missing resource file './../../pas/deliveryprocesses/Ger&ecirc;ncia de Processo Valida&ccedil;&atilde;o_CDF4368B.html'
Warning: Task:28_nova_iteracao_ajustes: missing resource file './../../pas/deliveryprocesses/Valida&ccedil;&atilde;o_A351A7F4.html'
Warning: Task:28_nova_iteracao_ajustes: missing resource file './../../pas/deliveryprocesses/Ger&ecirc;ncia de Processo Valida&ccedil;&atilde;o_CDF4368B.html'
Warning: Task:29_comemoracao_fim: missing resource file './../../pas/deliveryprocesses/Valida&ccedil;&atilde;o_A351A7F4.html'
Warning: Task:29_comemoracao_fim: missing resource file './../../pas/deliveryprocesses/Ger&ecirc;ncia de Processo Valida&ccedil;&atilde;o_CDF4368B.html'
Warning: Task:27_apresentar_sistema: missing resource file './../../pas/deliveryprocesses/Valida&ccedil;&atilde;o_A351A7F4.html'
Warning: Task:27_apresentar_sistema: missing resource file './../../pas/deliveryprocesses/Ger&ecirc;ncia de Processo Valida&ccedil;&atilde;o_CDF4368B.html'
Warning: Role:analista: missing resource file './../../pas/deliveryprocesses/Concep&ccedil;&atilde;o_757F1E16.html'
Warning: Role:analista: missing resource file './../../pas/deliveryprocesses/Requisitos Concep&ccedil;&atilde;o_3C49BEB.html'
Warning: Role:analista: missing resource file './../../pas/deliveryprocesses/Ger&ecirc;ncia de Processo Concep&ccedil;&atilde;o_14EC4189.html'
Warning: Role:analista: missing resource file './../../pas/deliveryprocesses/Elabora&ccedil;&atilde;o_24FFB03.html'
Warning: Role:analista: missing resource file './../../pas/deliveryprocesses/Requisitos Elabora&ccedil;&atilde;o_906D359E.html'
Warning: Role:analista: missing resource file './../../pas/deliveryprocesses/An&aacute;lise e Projeto Elabora&ccedil;&atilde;o_45AAA1BA.html'
Warning: Role:analista: missing resource file './../../pas/deliveryprocesses/Ger&ecirc;ncia de Processo Elabora&ccedil;&atilde;o_8BE78703.html'
Warning: Role:analista: missing resource file './../../pas/deliveryprocesses/Constru&ccedil;&atilde;o_4F1185A4.html'
Warning: Role:analista: missing resource file './../../pas/deliveryprocesses/Requisitos Constru&ccedil;&atilde;o_6E4A9088.html'
Warning: Role:analista: missing resource file './../../pas/deliveryprocesses/Valida&ccedil;&atilde;o_A351A7F4.html'
Warning: Role:analista: missing resource file './../../pas/deliveryprocesses/Requisitos Valida&ccedil;&atilde;o_7F26D330.html'
Warning: Role:analista: missing resource file './../../pas/deliveryprocesses/An&aacute;lise e Projeto Valida&ccedil;&atilde;o_1E5A6C4.html'
Warning: Role:analista: missing resource file './../../pas/deliveryprocesses/Ger&ecirc;ncia de Processo Valida&ccedil;&atilde;o_CDF4368B.html'
Warning: Artifact:diagrama_geral_cdus: missing resource file './../../pas/deliveryprocesses/Concep&ccedil;&atilde;o_757F1E16.html'
Warning: Artifact:diagrama_geral_cdus: missing resource file './../../pas/deliveryprocesses/Requisitos Concep&ccedil;&atilde;o_3C49BEB.html'
Warning: Artifact:diagrama_geral_cdus: missing resource file './../../pas/deliveryprocesses/An&aacute;lise e Projeto Concep&ccedil;&atilde;o_D5AF3EEE.html'
Warning: Artifact:diagrama_geral_cdus: missing resource file './../../pas/deliveryprocesses/Ger&ecirc;ncia de Processo Concep&ccedil;&atilde;o_14EC4189.html'
Warning: Artifact:diagrama_geral_cdus: missing resource file './../../pas/deliveryprocesses/Elabora&ccedil;&atilde;o_24FFB03.html'
Warning: Artifact:diagrama_geral_cdus: missing resource file './../../pas/deliveryprocesses/Requisitos Elabora&ccedil;&atilde;o_906D359E.html'
Warning: Artifact:diagrama_geral_cdus: missing resource file './../../pas/deliveryprocesses/An&aacute;lise e Projeto Elabora&ccedil;&atilde;o_45AAA1BA.html'
Warning: Artifact:diagrama_geral_cdus: missing resource file './../../pas/deliveryprocesses/Ger&ecirc;ncia de Processo Elabora&ccedil;&atilde;o_8BE78703.html'
Warning: Artifact:diagrama_geral_cdus: missing resource file './../../pas/deliveryprocesses/Constru&ccedil;&atilde;o_4F1185A4.html'
Warning: Artifact:diagrama_geral_cdus: missing resource file './../../pas/deliveryprocesses/Requisitos Constru&ccedil;&atilde;o_6E4A9088.html'
Warning: Artifact:diagrama_geral_cdus: missing resource file './../../pas/deliveryprocesses/Ger&ecirc;ncia de Processo Constru&ccedil;&atilde;o_29183F0D.html'
Warning: Artifact:diagrama_geral_cdus: missing resource file './../../pas/deliveryprocesses/Valida&ccedil;&atilde;o_A351A7F4.html'
Warning: Artifact:diagrama_geral_cdus: missing resource file './../../pas/deliveryprocesses/Requisitos Valida&ccedil;&atilde;o_7F26D330.html'
Warning: Artifact:diagrama_geral_cdus: missing resource file './../../pas/deliveryprocesses/An&aacute;lise e Projeto Valida&ccedil;&atilde;o_1E5A6C4.html'
Warning: Artifact:diagrama_geral_cdus: missing resource file './../../pas/deliveryprocesses/Ger&ecirc;ncia de Processo Valida&ccedil;&atilde;o_CDF4368B.html'
Warning: Artifact:doc_risco: missing resource file './../../pas/deliveryprocesses/Concep&ccedil;&atilde;o_757F1E16.html'
Warning: Artifact:doc_risco: missing resource file './../../pas/deliveryprocesses/Requisitos Concep&ccedil;&atilde;o_3C49BEB.html'
Warning: Artifact:doc_risco: missing resource file './../../pas/deliveryprocesses/An&aacute;lise e Projeto Concep&ccedil;&atilde;o_D5AF3EEE.html'
Warning: Artifact:doc_risco: missing resource file './../../pas/deliveryprocesses/Ger&ecirc;ncia de Processo Concep&ccedil;&atilde;o_14EC4189.html'
Warning: Artifact:doc_risco: missing resource file './../../pas/deliveryprocesses/Elabora&ccedil;&atilde;o_24FFB03.html'
Warning: Artifact:doc_risco: missing resource file './../../pas/deliveryprocesses/Ger&ecirc;ncia de Processo Elabora&ccedil;&atilde;o_8BE78703.html'
Warning: Artifact:doc_risco: missing resource file './../../pas/deliveryprocesses/Constru&ccedil;&atilde;o_4F1185A4.html'
Warning: Artifact:doc_risco: missing resource file './../../pas/deliveryprocesses/Ger&ecirc;ncia de Processo Constru&ccedil;&atilde;o_29183F0D.html'
Warning: Artifact:doc_risco: missing resource file './../../pas/deliveryprocesses/Valida&ccedil;&atilde;o_A351A7F4.html'
Warning: Artifact:doc_risco: missing resource file './../../pas/deliveryprocesses/Ger&ecirc;ncia de Processo Valida&ccedil;&atilde;o_CDF4368B.html'
Warning: Artifact:doc_visao: missing resource file './../../pas/deliveryprocesses/Concep&ccedil;&atilde;o_757F1E16.html'
Warning: Artifact:doc_visao: missing resource file './../../pas/deliveryprocesses/Requisitos Concep&ccedil;&atilde;o_3C49BEB.html'
Warning: Artifact:doc_visao: missing resource file './../../pas/deliveryprocesses/An&aacute;lise e Projeto Concep&ccedil;&atilde;o_D5AF3EEE.html'
Warning: Artifact:doc_visao: missing resource file './../../pas/deliveryprocesses/Ger&ecirc;ncia de Processo Concep&ccedil;&atilde;o_14EC4189.html'
Warning: Artifact:doc_visao: missing resource file './../../pas/deliveryprocesses/Elabora&ccedil;&atilde;o_24FFB03.html'
Warning: Artifact:doc_visao: missing resource file './../../pas/deliveryprocesses/Requisitos Elabora&ccedil;&atilde;o_906D359E.html'
Warning: Artifact:doc_visao: missing resource file './../../pas/deliveryprocesses/An&aacute;lise e Projeto Elabora&ccedil;&atilde;o_45AAA1BA.html'
Warning: Artifact:doc_visao: missing resource file './../../pas/deliveryprocesses/Ger&ecirc;ncia de Processo Elabora&ccedil;&atilde;o_8BE78703.html'
Warning: Artifact:doc_visao: missing resource file './../../pas/deliveryprocesses/Constru&ccedil;&atilde;o_4F1185A4.html'
Warning: Artifact:doc_visao: missing resource file './../../pas/deliveryprocesses/Requisitos Constru&ccedil;&atilde;o_6E4A9088.html'
Warning: Artifact:doc_visao: missing resource file './../../pas/deliveryprocesses/Ger&ecirc;ncia de Processo Constru&ccedil;&atilde;o_29183F0D.html'
Warning: Artifact:doc_visao: missing resource file './../../pas/deliveryprocesses/Valida&ccedil;&atilde;o_A351A7F4.html'
Warning: Artifact:doc_visao: missing resource file './../../pas/deliveryprocesses/Requisitos Valida&ccedil;&atilde;o_7F26D330.html'
Warning: Artifact:doc_visao: missing resource file './../../pas/deliveryprocesses/An&aacute;lise e Projeto Valida&ccedil;&atilde;o_1E5A6C4.html'
Warning: Artifact:doc_visao: missing resource file './../../pas/deliveryprocesses/Ger&ecirc;ncia de Processo Valida&ccedil;&atilde;o_CDF4368B.html'
Warning: Artifact:especificacao_cdu: missing resource file './../../pas/deliveryprocesses/Elabora&ccedil;&atilde;o_24FFB03.html'
Warning: Artifact:especificacao_cdu: missing resource file './../../pas/deliveryprocesses/Requisitos Elabora&ccedil;&atilde;o_906D359E.html'
Warning: Artifact:especificacao_cdu: missing resource file './../../pas/deliveryprocesses/An&aacute;lise e Projeto Elabora&ccedil;&atilde;o_45AAA1BA.html'
Warning: Artifact:especificacao_cdu: missing resource file './../../pas/deliveryprocesses/Implementa&ccedil;&atilde;o e Testes Elabora&ccedil;&atilde;o_5824897C.html'
Warning: Artifact:especificacao_cdu: missing resource file './../../pas/deliveryprocesses/Constru&ccedil;&atilde;o_4F1185A4.html'
Warning: Artifact:especificacao_cdu: missing resource file './../../pas/deliveryprocesses/Requisitos Constru&ccedil;&atilde;o_6E4A9088.html'
Warning: Artifact:especificacao_cdu: missing resource file './../../pas/deliveryprocesses/An&aacute;lise e Projeto Constru&ccedil;&atilde;o_4CB298C2.html'
Warning: Artifact:especificacao_cdu: missing resource file './../../pas/deliveryprocesses/Implementa&ccedil;&atilde;o e Testes Constru&ccedil;&atilde;o_460953E6.html'
Warning: Artifact:especificacao_cdu: missing resource file './../../pas/deliveryprocesses/Valida&ccedil;&atilde;o_A351A7F4.html'
Warning: Artifact:especificacao_cdu: missing resource file './../../pas/deliveryprocesses/Requisitos Valida&ccedil;&atilde;o_7F26D330.html'
Warning: Artifact:especificacao_cdu: missing resource file './../../pas/deliveryprocesses/An&aacute;lise e Projeto Valida&ccedil;&atilde;o_1E5A6C4.html'
Warning: Artifact:especificacao_cdu: missing resource file './../../pas/deliveryprocesses/Implementa&ccedil;&atilde;o e Testes Valida&ccedil;&atilde;o_62693C6F.html'
Warning: Artifact:especificacao_cdu: missing resource file './../../pas/deliveryprocesses/Ger&ecirc;ncia de Processo Valida&ccedil;&atilde;o_CDF4368B.html'
Warning: Role:stakeholders: missing resource file './../../pas/deliveryprocesses/Concep&ccedil;&atilde;o_757F1E16.html'
Warning: Role:stakeholders: missing resource file './../../pas/deliveryprocesses/Requisitos Concep&ccedil;&atilde;o_3C49BEB.html'
Warning: Role:arquiteto: missing resource file './../../pas/deliveryprocesses/Concep&ccedil;&atilde;o_757F1E16.html'
Warning: Role:arquiteto: missing resource file './../../pas/deliveryprocesses/Requisitos Concep&ccedil;&atilde;o_3C49BEB.html'
Warning: Role:arquiteto: missing resource file './../../pas/deliveryprocesses/An&aacute;lise e Projeto Concep&ccedil;&atilde;o_D5AF3EEE.html'
Warning: Role:arquiteto: missing resource file './../../pas/deliveryprocesses/Elabora&ccedil;&atilde;o_24FFB03.html'
Warning: Role:arquiteto: missing resource file './../../pas/deliveryprocesses/Requisitos Elabora&ccedil;&atilde;o_906D359E.html'
Warning: Role:arquiteto: missing resource file './../../pas/deliveryprocesses/An&aacute;lise e Projeto Elabora&ccedil;&atilde;o_45AAA1BA.html'
Warning: Role:arquiteto: missing resource file './../../pas/deliveryprocesses/Implementa&ccedil;&atilde;o e Testes Elabora&ccedil;&atilde;o_5824897C.html'
Warning: Role:arquiteto: missing resource file './../../pas/deliveryprocesses/Valida&ccedil;&atilde;o_A351A7F4.html'
Warning: Role:arquiteto: missing resource file './../../pas/deliveryprocesses/Ger&ecirc;ncia de Processo Valida&ccedil;&atilde;o_CDF4368B.html'
Warning: Artifact:doc_arq: missing resource file './../../pas/deliveryprocesses/Concep&ccedil;&atilde;o_757F1E16.html'
Warning: Artifact:doc_arq: missing resource file './../../pas/deliveryprocesses/An&aacute;lise e Projeto Concep&ccedil;&atilde;o_D5AF3EEE.html'
Warning: Artifact:doc_arq: missing resource file './../../pas/deliveryprocesses/Ger&ecirc;ncia de Processo Concep&ccedil;&atilde;o_14EC4189.html'
Warning: Artifact:doc_arq: missing resource file './../../pas/deliveryprocesses/Elabora&ccedil;&atilde;o_24FFB03.html'
Warning: Artifact:doc_arq: missing resource file './../../pas/deliveryprocesses/Requisitos Elabora&ccedil;&atilde;o_906D359E.html'
Warning: Artifact:doc_arq: missing resource file './../../pas/deliveryprocesses/An&aacute;lise e Projeto Elabora&ccedil;&atilde;o_45AAA1BA.html'
Warning: Artifact:doc_arq: missing resource file './../../pas/deliveryprocesses/Ger&ecirc;ncia de Processo Elabora&ccedil;&atilde;o_8BE78703.html'
Warning: Artifact:doc_arq: missing resource file './../../pas/deliveryprocesses/Valida&ccedil;&atilde;o_A351A7F4.html'
Warning: Artifact:doc_arq: missing resource file './../../pas/deliveryprocesses/Ger&ecirc;ncia de Processo Valida&ccedil;&atilde;o_CDF4368B.html'
Warning: Artifact:ata_de_reuniao: missing resource file './../../pas/deliveryprocesses/Concep&ccedil;&atilde;o_757F1E16.html'
Warning: Artifact:ata_de_reuniao: missing resource file './../../pas/deliveryprocesses/An&aacute;lise e Projeto Concep&ccedil;&atilde;o_D5AF3EEE.html'
Warning: Artifact:ata_de_reuniao: missing resource file './../../pas/deliveryprocesses/Ger&ecirc;ncia de Processo Concep&ccedil;&atilde;o_14EC4189.html'
Warning: Artifact:ata_de_reuniao: missing resource file './../../pas/deliveryprocesses/Elabora&ccedil;&atilde;o_24FFB03.html'
Warning: Artifact:ata_de_reuniao: missing resource file './../../pas/deliveryprocesses/Ger&ecirc;ncia de Processo Elabora&ccedil;&atilde;o_8BE78703.html'
Warning: Artifact:ata_de_reuniao: missing resource file './../../pas/deliveryprocesses/Constru&ccedil;&atilde;o_4F1185A4.html'
Warning: Artifact:ata_de_reuniao: missing resource file './../../pas/deliveryprocesses/Ger&ecirc;ncia de Processo Constru&ccedil;&atilde;o_29183F0D.html'
Warning: Artifact:ata_de_reuniao: missing resource file './../../pas/deliveryprocesses/Valida&ccedil;&atilde;o_A351A7F4.html'
Warning: Artifact:ata_de_reuniao: missing resource file './../../pas/deliveryprocesses/Ger&ecirc;ncia de Processo Valida&ccedil;&atilde;o_CDF4368B.html'
Warning: Role:projetista: missing resource file './../../pas/deliveryprocesses/Concep&ccedil;&atilde;o_757F1E16.html'
Warning: Role:projetista: missing resource file './../../pas/deliveryprocesses/An&aacute;lise e Projeto Concep&ccedil;&atilde;o_D5AF3EEE.html'
Warning: Role:projetista: missing resource file './../../pas/deliveryprocesses/Elabora&ccedil;&atilde;o_24FFB03.html'
Warning: Role:projetista: missing resource file './../../pas/deliveryprocesses/Requisitos Elabora&ccedil;&atilde;o_906D359E.html'
Warning: Role:projetista: missing resource file './../../pas/deliveryprocesses/An&aacute;lise e Projeto Elabora&ccedil;&atilde;o_45AAA1BA.html'
Warning: Role:projetista: missing resource file './../../pas/deliveryprocesses/Implementa&ccedil;&atilde;o e Testes Elabora&ccedil;&atilde;o_5824897C.html'
Warning: Role:projetista: missing resource file './../../pas/deliveryprocesses/Constru&ccedil;&atilde;o_4F1185A4.html'
Warning: Role:projetista: missing resource file './../../pas/deliveryprocesses/Requisitos Constru&ccedil;&atilde;o_6E4A9088.html'
Warning: Role:projetista: missing resource file './../../pas/deliveryprocesses/An&aacute;lise e Projeto Constru&ccedil;&atilde;o_4CB298C2.html'
Warning: Role:projetista: missing resource file './../../pas/deliveryprocesses/Valida&ccedil;&atilde;o_A351A7F4.html'
Warning: Role:projetista: missing resource file './../../pas/deliveryprocesses/Requisitos Valida&ccedil;&atilde;o_7F26D330.html'
Warning: Role:projetista: missing resource file './../../pas/deliveryprocesses/An&aacute;lise e Projeto Valida&ccedil;&atilde;o_1E5A6C4.html'
Warning: Role:projetista: missing resource file './../../pas/deliveryprocesses/Implementa&ccedil;&atilde;o e Testes Valida&ccedil;&atilde;o_62693C6F.html'
Warning: Role:projetista: missing resource file './../../pas/deliveryprocesses/Ger&ecirc;ncia de Processo Valida&ccedil;&atilde;o_CDF4368B.html'
Warning: Artifact:diagrama_de_classes: missing resource file './../../pas/deliveryprocesses/Elabora&ccedil;&atilde;o_24FFB03.html'
Warning: Artifact:diagrama_de_classes: missing resource file './../../pas/deliveryprocesses/An&aacute;lise e Projeto Elabora&ccedil;&atilde;o_45AAA1BA.html'
Warning: Artifact:diagrama_de_classes: missing resource file './../../pas/deliveryprocesses/Implementa&ccedil;&atilde;o e Testes Elabora&ccedil;&atilde;o_5824897C.html'
Warning: Artifact:diagrama_de_classes: missing resource file './../../pas/deliveryprocesses/Constru&ccedil;&atilde;o_4F1185A4.html'
Warning: Artifact:diagrama_de_classes: missing resource file './../../pas/deliveryprocesses/An&aacute;lise e Projeto Constru&ccedil;&atilde;o_4CB298C2.html'
Warning: Artifact:diagrama_de_classes: missing resource file './../../pas/deliveryprocesses/Implementa&ccedil;&atilde;o e Testes Constru&ccedil;&atilde;o_460953E6.html'
Warning: Artifact:diagrama_de_classes: missing resource file './../../pas/deliveryprocesses/Valida&ccedil;&atilde;o_A351A7F4.html'
Warning: Artifact:diagrama_de_classes: missing resource file './../../pas/deliveryprocesses/An&aacute;lise e Projeto Valida&ccedil;&atilde;o_1E5A6C4.html'
Warning: Artifact:diagrama_de_classes: missing resource file './../../pas/deliveryprocesses/Implementa&ccedil;&atilde;o e Testes Valida&ccedil;&atilde;o_62693C6F.html'
Warning: Artifact:diagrama_de_classes: missing resource file './../../pas/deliveryprocesses/Ger&ecirc;ncia de Processo Valida&ccedil;&atilde;o_CDF4368B.html'
Warning: Artifact:diagrama_interacao: missing resource file './../../pas/deliveryprocesses/Elabora&ccedil;&atilde;o_24FFB03.html'
Warning: Artifact:diagrama_interacao: missing resource file './../../pas/deliveryprocesses/An&aacute;lise e Projeto Elabora&ccedil;&atilde;o_45AAA1BA.html'
Warning: Artifact:diagrama_interacao: missing resource file './../../pas/deliveryprocesses/Implementa&ccedil;&atilde;o e Testes Elabora&ccedil;&atilde;o_5824897C.html'
Warning: Artifact:diagrama_interacao: missing resource file './../../pas/deliveryprocesses/Constru&ccedil;&atilde;o_4F1185A4.html'
Warning: Artifact:diagrama_interacao: missing resource file './../../pas/deliveryprocesses/An&aacute;lise e Projeto Constru&ccedil;&atilde;o_4CB298C2.html'
Warning: Artifact:diagrama_interacao: missing resource file './../../pas/deliveryprocesses/Implementa&ccedil;&atilde;o e Testes Constru&ccedil;&atilde;o_460953E6.html'
Warning: Artifact:diagrama_interacao: missing resource file './../../pas/deliveryprocesses/Valida&ccedil;&atilde;o_A351A7F4.html'
Warning: Artifact:diagrama_interacao: missing resource file './../../pas/deliveryprocesses/An&aacute;lise e Projeto Valida&ccedil;&atilde;o_1E5A6C4.html'
Warning: Artifact:diagrama_interacao: missing resource file './../../pas/deliveryprocesses/Implementa&ccedil;&atilde;o e Testes Valida&ccedil;&atilde;o_62693C6F.html'
Warning: Artifact:diagrama_interacao: missing resource file './../../pas/deliveryprocesses/Ger&ecirc;ncia de Processo Valida&ccedil;&atilde;o_CDF4368B.html'
Warning: Role:designer: missing resource file './../../pas/deliveryprocesses/Concep&ccedil;&atilde;o_757F1E16.html'
Warning: Role:designer: missing resource file './../../pas/deliveryprocesses/Implementa&ccedil;&atilde;o e Testes Concep&ccedil;&atilde;o_6299D380.html'
Warning: Role:designer: missing resource file './../../pas/deliveryprocesses/Elabora&ccedil;&atilde;o_24FFB03.html'
Warning: Role:designer: missing resource file './../../pas/deliveryprocesses/Implementa&ccedil;&atilde;o e Testes Elabora&ccedil;&atilde;o_5824897C.html'
Warning: Role:designer: missing resource file './../../pas/deliveryprocesses/Valida&ccedil;&atilde;o_A351A7F4.html'
Warning: Role:designer: missing resource file './../../pas/deliveryprocesses/Ger&ecirc;ncia de Processo Valida&ccedil;&atilde;o_CDF4368B.html'
Warning: Artifact:prototipo_de_telas: missing resource file './../../pas/deliveryprocesses/Concep&ccedil;&atilde;o_757F1E16.html'
Warning: Artifact:prototipo_de_telas: missing resource file './../../pas/deliveryprocesses/Implementa&ccedil;&atilde;o e Testes Concep&ccedil;&atilde;o_6299D380.html'
Warning: Artifact:prototipo_de_telas: missing resource file './../../pas/deliveryprocesses/Ger&ecirc;ncia de Processo Concep&ccedil;&atilde;o_14EC4189.html'
Warning: Artifact:prototipo_de_telas: missing resource file './../../pas/deliveryprocesses/Valida&ccedil;&atilde;o_A351A7F4.html'
Warning: Artifact:prototipo_de_telas: missing resource file './../../pas/deliveryprocesses/Ger&ecirc;ncia de Processo Valida&ccedil;&atilde;o_CDF4368B.html'
Warning: Role:implementador_testador: missing resource file './../../pas/deliveryprocesses/Elabora&ccedil;&atilde;o_24FFB03.html'
Warning: Role:implementador_testador: missing resource file './../../pas/deliveryprocesses/An&aacute;lise e Projeto Elabora&ccedil;&atilde;o_45AAA1BA.html'
Warning: Role:implementador_testador: missing resource file './../../pas/deliveryprocesses/Implementa&ccedil;&atilde;o e Testes Elabora&ccedil;&atilde;o_5824897C.html'
Warning: Role:implementador_testador: missing resource file './../../pas/deliveryprocesses/Ger&ecirc;ncia de Processo Elabora&ccedil;&atilde;o_8BE78703.html'
Warning: Role:implementador_testador: missing resource file './../../pas/deliveryprocesses/Constru&ccedil;&atilde;o_4F1185A4.html'
Warning: Role:implementador_testador: missing resource file './../../pas/deliveryprocesses/An&aacute;lise e Projeto Constru&ccedil;&atilde;o_4CB298C2.html'
Warning: Role:implementador_testador: missing resource file './../../pas/deliveryprocesses/Implementa&ccedil;&atilde;o e Testes Constru&ccedil;&atilde;o_460953E6.html'
Warning: Role:implementador_testador: missing resource file './../../pas/deliveryprocesses/Ger&ecirc;ncia de Processo Constru&ccedil;&atilde;o_29183F0D.html'
Warning: Role:implementador_testador: missing resource file './../../pas/deliveryprocesses/Valida&ccedil;&atilde;o_A351A7F4.html'
Warning: Role:implementador_testador: missing resource file './../../pas/deliveryprocesses/An&aacute;lise e Projeto Valida&ccedil;&atilde;o_1E5A6C4.html'
Warning: Role:implementador_testador: missing resource file './../../pas/deliveryprocesses/Implementa&ccedil;&atilde;o e Testes Valida&ccedil;&atilde;o_62693C6F.html'
Warning: Role:implementador_testador: missing resource file './../../pas/deliveryprocesses/Ger&ecirc;ncia de Processo Valida&ccedil;&atilde;o_CDF4368B.html'
Warning: Artifact:codigos_fontes: missing resource file './../../pas/deliveryprocesses/Elabora&ccedil;&atilde;o_24FFB03.html'
Warning: Artifact:codigos_fontes: missing resource file './../../pas/deliveryprocesses/An&aacute;lise e Projeto Elabora&ccedil;&atilde;o_45AAA1BA.html'
Warning: Artifact:codigos_fontes: missing resource file './../../pas/deliveryprocesses/Implementa&ccedil;&atilde;o e Testes Elabora&ccedil;&atilde;o_5824897C.html'
Warning: Artifact:codigos_fontes: missing resource file './../../pas/deliveryprocesses/Ger&ecirc;ncia de Processo Elabora&ccedil;&atilde;o_8BE78703.html'
Warning: Artifact:codigos_fontes: missing resource file './../../pas/deliveryprocesses/Constru&ccedil;&atilde;o_4F1185A4.html'
Warning: Artifact:codigos_fontes: missing resource file './../../pas/deliveryprocesses/An&aacute;lise e Projeto Constru&ccedil;&atilde;o_4CB298C2.html'
Warning: Artifact:codigos_fontes: missing resource file './../../pas/deliveryprocesses/Implementa&ccedil;&atilde;o e Testes Constru&ccedil;&atilde;o_460953E6.html'
Warning: Artifact:codigos_fontes: missing resource file './../../pas/deliveryprocesses/Ger&ecirc;ncia de Processo Constru&ccedil;&atilde;o_29183F0D.html'
Warning: Artifact:codigos_fontes: missing resource file './../../pas/deliveryprocesses/Valida&ccedil;&atilde;o_A351A7F4.html'
Warning: Artifact:codigos_fontes: missing resource file './../../pas/deliveryprocesses/Implementa&ccedil;&atilde;o e Testes Valida&ccedil;&atilde;o_62693C6F.html'
Warning: Artifact:codigos_fontes: missing resource file './../../pas/deliveryprocesses/Ger&ecirc;ncia de Processo Valida&ccedil;&atilde;o_CDF4368B.html'
Warning: Artifact:plano_de_testes: missing resource file './../../pas/deliveryprocesses/Elabora&ccedil;&atilde;o_24FFB03.html'
Warning: Artifact:plano_de_testes: missing resource file './../../pas/deliveryprocesses/Implementa&ccedil;&atilde;o e Testes Elabora&ccedil;&atilde;o_5824897C.html'
Warning: Artifact:plano_de_testes: missing resource file './../../pas/deliveryprocesses/Constru&ccedil;&atilde;o_4F1185A4.html'
Warning: Artifact:plano_de_testes: missing resource file './../../pas/deliveryprocesses/Implementa&ccedil;&atilde;o e Testes Constru&ccedil;&atilde;o_460953E6.html'
Warning: Artifact:plano_de_testes: missing resource file './../../pas/deliveryprocesses/Valida&ccedil;&atilde;o_A351A7F4.html'
Warning: Artifact:plano_de_testes: missing resource file './../../pas/deliveryprocesses/Implementa&ccedil;&atilde;o e Testes Valida&ccedil;&atilde;o_62693C6F.html'
Warning: Artifact:plano_de_testes: missing resource file './../../pas/deliveryprocesses/Ger&ecirc;ncia de Processo Valida&ccedil;&atilde;o_CDF4368B.html'
Warning: Role:gerente: missing resource file './../../pas/deliveryprocesses/Concep&ccedil;&atilde;o_757F1E16.html'
Warning: Role:gerente: missing resource file './../../pas/deliveryprocesses/An&aacute;lise e Projeto Concep&ccedil;&atilde;o_D5AF3EEE.html'
Warning: Role:gerente: missing resource file './../../pas/deliveryprocesses/Ger&ecirc;ncia de Processo Concep&ccedil;&atilde;o_14EC4189.html'
Warning: Role:gerente: missing resource file './../../pas/deliveryprocesses/Elabora&ccedil;&atilde;o_24FFB03.html'
Warning: Role:gerente: missing resource file './../../pas/deliveryprocesses/Requisitos Elabora&ccedil;&atilde;o_906D359E.html'
Warning: Role:gerente: missing resource file './../../pas/deliveryprocesses/Ger&ecirc;ncia de Processo Elabora&ccedil;&atilde;o_8BE78703.html'
Warning: Role:gerente: missing resource file './../../pas/deliveryprocesses/Constru&ccedil;&atilde;o_4F1185A4.html'
Warning: Role:gerente: missing resource file './../../pas/deliveryprocesses/Requisitos Constru&ccedil;&atilde;o_6E4A9088.html'
Warning: Role:gerente: missing resource file './../../pas/deliveryprocesses/Ger&ecirc;ncia de Processo Constru&ccedil;&atilde;o_29183F0D.html'
Warning: Role:gerente: missing resource file './../../pas/deliveryprocesses/Valida&ccedil;&atilde;o_A351A7F4.html'
Warning: Role:gerente: missing resource file './../../pas/deliveryprocesses/Implementa&ccedil;&atilde;o e Testes Valida&ccedil;&atilde;o_62693C6F.html'
Warning: Role:gerente: missing resource file './../../pas/deliveryprocesses/Ger&ecirc;ncia de Processo Valida&ccedil;&atilde;o_CDF4368B.html'
Warning: Artifact:doc_amb: missing resource file './../../pas/deliveryprocesses/Concep&ccedil;&atilde;o_757F1E16.html'
Warning: Artifact:doc_amb: missing resource file './../../pas/deliveryprocesses/Ger&ecirc;ncia de Processo Concep&ccedil;&atilde;o_14EC4189.html'
Warning: Artifact:doc_amb: missing resource file './../../pas/deliveryprocesses/Elabora&ccedil;&atilde;o_24FFB03.html'
Warning: Artifact:doc_amb: missing resource file './../../pas/deliveryprocesses/Ger&ecirc;ncia de Processo Elabora&ccedil;&atilde;o_8BE78703.html'
Warning: Artifact:doc_amb: missing resource file './../../pas/deliveryprocesses/Constru&ccedil;&atilde;o_4F1185A4.html'
Warning: Artifact:doc_amb: missing resource file './../../pas/deliveryprocesses/Ger&ecirc;ncia de Processo Constru&ccedil;&atilde;o_29183F0D.html'
Warning: Artifact:doc_amb: missing resource file './../../pas/deliveryprocesses/Valida&ccedil;&atilde;o_A351A7F4.html'
Warning: Artifact:doc_amb: missing resource file './../../pas/deliveryprocesses/Ger&ecirc;ncia de Processo Valida&ccedil;&atilde;o_CDF4368B.html'
Warning: Artifact:doc_fdbk: missing resource file './../../pas/deliveryprocesses/Concep&ccedil;&atilde;o_757F1E16.html'
Warning: Artifact:doc_fdbk: missing resource file './../../pas/deliveryprocesses/Ger&ecirc;ncia de Processo Concep&ccedil;&atilde;o_14EC4189.html'
Warning: Artifact:doc_fdbk: missing resource file './../../pas/deliveryprocesses/Elabora&ccedil;&atilde;o_24FFB03.html'
Warning: Artifact:doc_fdbk: missing resource file './../../pas/deliveryprocesses/Ger&ecirc;ncia de Processo Elabora&ccedil;&atilde;o_8BE78703.html'
Warning: Artifact:doc_fdbk: missing resource file './../../pas/deliveryprocesses/Constru&ccedil;&atilde;o_4F1185A4.html'
Warning: Artifact:doc_fdbk: missing resource file './../../pas/deliveryprocesses/Ger&ecirc;ncia de Processo Constru&ccedil;&atilde;o_29183F0D.html'
Warning: Artifact:plan_des_soft: missing resource file './../../pas/deliveryprocesses/Concep&ccedil;&atilde;o_757F1E16.html'
Warning: Artifact:plan_des_soft: missing resource file './../../pas/deliveryprocesses/Ger&ecirc;ncia de Processo Concep&ccedil;&atilde;o_14EC4189.html'
Warning: Artifact:plan_des_soft: missing resource file './../../pas/deliveryprocesses/Elabora&ccedil;&atilde;o_24FFB03.html'
Warning: Artifact:plan_des_soft: missing resource file './../../pas/deliveryprocesses/Ger&ecirc;ncia de Processo Elabora&ccedil;&atilde;o_8BE78703.html'
Warning: Artifact:plan_des_soft: missing resource file './../../pas/deliveryprocesses/Constru&ccedil;&atilde;o_4F1185A4.html'
Warning: Artifact:plan_des_soft: missing resource file './../../pas/deliveryprocesses/Ger&ecirc;ncia de Processo Constru&ccedil;&atilde;o_29183F0D.html'
Warning: Artifact:plan_des_soft: missing resource file './../../pas/deliveryprocesses/Valida&ccedil;&atilde;o_A351A7F4.html'
Warning: Artifact:plan_des_soft: missing resource file './../../pas/deliveryprocesses/Ger&ecirc;ncia de Processo Valida&ccedil;&atilde;o_CDF4368B.html'
Warning: Artifact:plan_iteracao: missing resource file './../../pas/deliveryprocesses/Concep&ccedil;&atilde;o_757F1E16.html'
Warning: Artifact:plan_iteracao: missing resource file './../../pas/deliveryprocesses/Ger&ecirc;ncia de Processo Concep&ccedil;&atilde;o_14EC4189.html'
Warning: Artifact:plan_iteracao: missing resource file './../../pas/deliveryprocesses/Elabora&ccedil;&atilde;o_24FFB03.html'
Warning: Artifact:plan_iteracao: missing resource file './../../pas/deliveryprocesses/Ger&ecirc;ncia de Processo Elabora&ccedil;&atilde;o_8BE78703.html'
Warning: Artifact:plan_iteracao: missing resource file './../../pas/deliveryprocesses/Constru&ccedil;&atilde;o_4F1185A4.html'
Warning: Artifact:plan_iteracao: missing resource file './../../pas/deliveryprocesses/Ger&ecirc;ncia de Processo Constru&ccedil;&atilde;o_29183F0D.html'
Warning: Artifact:plan_iteracao: missing resource file './../../pas/deliveryprocesses/Valida&ccedil;&atilde;o_A351A7F4.html'
Warning: Artifact:plan_iteracao: missing resource file './../../pas/deliveryprocesses/Ger&ecirc;ncia de Processo Valida&ccedil;&atilde;o_CDF4368B.html'
